#
# There is insufficient memory for the Java Runtime Environment to continue.
# Native memory allocation (malloc) failed to allocate 1048576 bytes. Error detail: AllocateHeap
# Possible reasons:
#   The system is out of physical RAM or swap space
#   This process is running with CompressedOops enabled, and the Java Heap may be blocking the growth of the native heap
# Possible solutions:
#   Reduce memory load on the system
#   Increase physical memory or swap space
#   Check if swap backing store is full
#   Decrease Java heap size (-Xmx/-Xms)
#   Decrease number of Java threads
#   Decrease Java thread stack sizes (-Xss)
#   Set larger code cache with -XX:ReservedCodeCacheSize=
#   JVM is running with Unscaled Compressed Oops mode in which the Java heap is
#     placed in the first 4GB address space. The Java Heap base address is the
#     maximum limit for the native heap growth. Please use -XX:HeapBaseMinAddress
#     to set the Java Heap base and to place the Java Heap above 4GB virtual address.
# This output file may be truncated or incomplete.
#
#  Out of Memory Error (allocation.cpp:44), pid=12948, tid=9264
#
# JRE version: OpenJDK Runtime Environment Temurin-21.0.10+7 (21.0.10+7) (build 21.0.10+7-LTS)
# Java VM: OpenJDK 64-Bit Server VM Temurin-21.0.10+7 (21.0.10+7-LTS, mixed mode, sharing, tiered, compressed oops, compressed class ptrs, parallel gc, windows-amd64)
# No core dump will be written. Minidumps are not enabled by default on client versions of Windows
#

---------------  S U M M A R Y ------------

Command Line: --add-modules=ALL-SYSTEM --add-opens=java.base/java.util=ALL-UNNAMED --add-opens=java.base/java.lang=ALL-UNNAMED --add-opens=java.base/sun.nio.fs=ALL-UNNAMED -Declipse.application=org.eclipse.jdt.ls.core.id1 -Dosgi.bundles.defaultStartLevel=4 -Declipse.product=org.eclipse.jdt.ls.core.product -Djava.import.generatesMetadataFilesAtProjectRoot=false -DDetectVMInstallationsJob.disabled=true -Dfile.encoding=utf8 -XX:+UseParallelGC -XX:GCTimeRatio=4 -XX:AdaptiveSizePolicyWeight=90 -Dsun.zip.disableMemoryMapping=true -Xmx2G -Xms100m -Xlog:disable -javaagent:c:\Users\a\.vscode\extensions\redhat.java-1.53.0-win32-x64\lombok\lombok-1.18.39-4050.jar -XX:+HeapDumpOnOutOfMemoryError -XX:HeapDumpPath=c:\Users\a\AppData\Roaming\Code\User\workspaceStorage\f74cf20efcac8666054b1732537943e5\redhat.java -Daether.dependencyCollector.impl=bf c:\Users\a\.vscode\extensions\redhat.java-1.53.0-win32-x64\server\plugins\org.eclipse.equinox.launcher_1.7.100.v20251111-0406.jar -configuration c:\Users\a\AppData\Roaming\Code\User\globalStorage\redhat.java\1.53.0\config_win -data c:\Users\a\AppData\Roaming\Code\User\workspaceStorage\f74cf20efcac8666054b1732537943e5\redhat.java\jdt_ws --pipe=\\.\pipe\lsp-a7e4c92d66b43148b6afb58f3c4db9f6-sock

Host: Intel(R) Core(TM) i5-6300U CPU @ 2.40GHz, 4 cores, 7G,  Windows 10 , 64 bit Build 19041 (10.0.19041.5915)
Time: Sun Mar  1 18:17:38 2026 Maroc elapsed time: 272580.754359 seconds (3d 3h 43m 0s)

---------------  T H R E A D  ---------------

Current thread (0x000001497b820020):  JavaThread "Attach Listener" daemon [_thread_in_vm, id=9264, stack(0x0000003f36200000,0x0000003f36300000) (1024K)]

Stack: [0x0000003f36200000,0x0000003f36300000]
Native frames: (J=compiled Java code, j=interpreted, Vv=VM code, C=native code)
V  [jvm.dll+0x6d7a39]
V  [jvm.dll+0x8b4b26]
V  [jvm.dll+0x8b70de]
V  [jvm.dll+0x8b77c3]
V  [jvm.dll+0x284346]
V  [jvm.dll+0xc1277]
V  [jvm.dll+0x6d82e9]
V  [jvm.dll+0x1334a6]
V  [jvm.dll+0x3f857e]
V  [jvm.dll+0x85f59d]
V  [jvm.dll+0x6d626d]
C  [ucrtbase.dll+0x21bb2]
C  [KERNEL32.DLL+0x17374]
C  [ntdll.dll+0x4cc91]


---------------  P R O C E S S  ---------------

Threads class SMR info:
_java_thread_list=0x000001497e61ee70, length=31, elements={
0x0000014971bb6660, 0x000001497b818580, 0x000001497b81bae0, 0x000001497b81f3c0,
0x000001497b820020, 0x000001497b820c80, 0x000001497b8236f0, 0x000001497b828940,
0x000001497b898a40, 0x000001497c60c3f0, 0x000001497c72d040, 0x000001497ce4b930,
0x000001497ca5d2b0, 0x000001497ce458f0, 0x000001497c755ab0, 0x000001497cd1e690,
0x000001497ccafa40, 0x000001497ccae690, 0x000001497ccaf3b0, 0x000001497ccad970,
0x00000149545d1410, 0x00000149545d2e50, 0x00000149545d3b70, 0x00000149545d4200,
0x00000149545d4890, 0x00000149545d55b0, 0x00000149545d34e0, 0x00000149545d6ff0,
0x00000149545d1aa0, 0x000001497d7a7c10, 0x000001497d7aa370
}

Java Threads: ( => current thread )
  0x0000014971bb6660 JavaThread "main"                              [_thread_blocked, id=17516, stack(0x0000003f35b00000,0x0000003f35c00000) (1024K)]
  0x000001497b818580 JavaThread "Reference Handler"          daemon [_thread_blocked, id=10400, stack(0x0000003f35f00000,0x0000003f36000000) (1024K)]
  0x000001497b81bae0 JavaThread "Finalizer"                  daemon [_thread_blocked, id=14832, stack(0x0000003f36000000,0x0000003f36100000) (1024K)]
  0x000001497b81f3c0 JavaThread "Signal Dispatcher"          daemon [_thread_blocked, id=6368, stack(0x0000003f36100000,0x0000003f36200000) (1024K)]
=>0x000001497b820020 JavaThread "Attach Listener"            daemon [_thread_in_vm, id=9264, stack(0x0000003f36200000,0x0000003f36300000) (1024K)]
  0x000001497b820c80 JavaThread "Service Thread"             daemon [_thread_blocked, id=15148, stack(0x0000003f36300000,0x0000003f36400000) (1024K)]
  0x000001497b8236f0 JavaThread "Monitor Deflation Thread"   daemon [_thread_blocked, id=13064, stack(0x0000003f36400000,0x0000003f36500000) (1024K)]
  0x000001497b828940 JavaThread "C2 CompilerThread0"         daemon [_thread_blocked, id=6100, stack(0x0000003f36500000,0x0000003f36600000) (1024K)]
  0x000001497b898a40 JavaThread "C1 CompilerThread0"         daemon [_thread_blocked, id=13628, stack(0x0000003f36600000,0x0000003f36700000) (1024K)]
  0x000001497c60c3f0 JavaThread "Common-Cleaner"             daemon [_thread_blocked, id=8388, stack(0x0000003f36700000,0x0000003f36800000) (1024K)]
  0x000001497c72d040 JavaThread "Notification Thread"        daemon [_thread_blocked, id=2212, stack(0x0000003f36800000,0x0000003f36900000) (1024K)]
  0x000001497ce4b930 JavaThread "Active Thread: Equinox Container: 7a5ae55d-5b14-4cf5-8e97-ba07b49cb5a4"        [_thread_blocked, id=16324, stack(0x0000003f37000000,0x0000003f37100000) (1024K)]
  0x000001497ca5d2b0 JavaThread "Framework Event Dispatcher: Equinox Container: 7a5ae55d-5b14-4cf5-8e97-ba07b49cb5a4" daemon [_thread_blocked, id=15412, stack(0x0000003f35900000,0x0000003f35a00000) (1024K)]
  0x000001497ce458f0 JavaThread "Start Level: Equinox Container: 7a5ae55d-5b14-4cf5-8e97-ba07b49cb5a4" daemon [_thread_blocked, id=12792, stack(0x0000003f35a00000,0x0000003f35b00000) (1024K)]
  0x000001497c755ab0 JavaThread "Bundle File Closer"         daemon [_thread_blocked, id=1428, stack(0x0000003f36c00000,0x0000003f36d00000) (1024K)]
  0x000001497cd1e690 JavaThread "Refresh Thread: Equinox Container: 7a5ae55d-5b14-4cf5-8e97-ba07b49cb5a4" daemon [_thread_blocked, id=17368, stack(0x0000003f36d00000,0x0000003f36e00000) (1024K)]
  0x000001497ccafa40 JavaThread "SCR Component Actor"        daemon [_thread_blocked, id=19292, stack(0x0000003f36e00000,0x0000003f36f00000) (1024K)]
  0x000001497ccae690 JavaThread "Worker-JM"                         [_thread_blocked, id=3468, stack(0x0000003f36f00000,0x0000003f37000000) (1024K)]
  0x000001497ccaf3b0 JavaThread "JNA Cleaner"                daemon [_thread_blocked, id=10468, stack(0x0000003f37400000,0x0000003f37500000) (1024K)]
  0x000001497ccad970 JavaThread "Java indexing"              daemon [_thread_blocked, id=3232, stack(0x0000003f37800000,0x0000003f37900000) (1024K)]
  0x00000149545d1410 JavaThread "Thread-1"                   daemon [_thread_in_native, id=5036, stack(0x0000003f37b00000,0x0000003f37c00000) (1024K)]
  0x00000149545d2e50 JavaThread "Thread-2"                   daemon [_thread_in_native, id=368, stack(0x0000003f37c00000,0x0000003f37d00000) (1024K)]
  0x00000149545d3b70 JavaThread "Thread-3"                   daemon [_thread_in_native, id=1608, stack(0x0000003f37d00000,0x0000003f37e00000) (1024K)]
  0x00000149545d4200 JavaThread "Thread-4"                   daemon [_thread_in_native, id=11480, stack(0x0000003f37e00000,0x0000003f37f00000) (1024K)]
  0x00000149545d4890 JavaThread "Thread-5"                   daemon [_thread_in_native, id=1208, stack(0x0000003f37f00000,0x0000003f38000000) (1024K)]
  0x00000149545d55b0 JavaThread "pool-2-thread-1"                   [_thread_blocked, id=8304, stack(0x0000003f38000000,0x0000003f38100000) (1024K)]
  0x00000149545d34e0 JavaThread "WorkspaceEventsHandler"            [_thread_blocked, id=2532, stack(0x0000003f38100000,0x0000003f38200000) (1024K)]
  0x00000149545d6ff0 JavaThread "pool-1-thread-1"                   [_thread_blocked, id=13764, stack(0x0000003f38200000,0x0000003f38300000) (1024K)]
  0x00000149545d1aa0 JavaThread "Cleaner-0"                  daemon [_thread_blocked, id=13572, stack(0x0000003f38300000,0x0000003f38400000) (1024K)]
  0x000001497d7a7c10 JavaThread "Worker-29"                         [_thread_blocked, id=6904, stack(0x0000003f37700000,0x0000003f37800000) (1024K)]
  0x000001497d7aa370 JavaThread "Worker-32"                         [_thread_blocked, id=14260, stack(0x0000003f37300000,0x0000003f37400000) (1024K)]
Total: 31

Other Threads:
  0x000001497b80ea30 VMThread "VM Thread"                           [id=18768, stack(0x0000003f35e00000,0x0000003f35f00000) (1024K)]
  0x0000014973e9b2f0 WatcherThread "VM Periodic Task Thread"        [id=19524, stack(0x0000003f35d00000,0x0000003f35e00000) (1024K)]
  0x0000014973e405b0 WorkerThread "GC Thread#0"                     [id=2444, stack(0x0000003f35c00000,0x0000003f35d00000) (1024K)]
  0x000001497ce4cb80 WorkerThread "GC Thread#1"                     [id=9116, stack(0x0000003f36900000,0x0000003f36a00000) (1024K)]
  0x000001497cae0620 WorkerThread "GC Thread#2"                     [id=2568, stack(0x0000003f36a00000,0x0000003f36b00000) (1024K)]
  0x000001497cc59820 WorkerThread "GC Thread#3"                     [id=19656, stack(0x0000003f36b00000,0x0000003f36c00000) (1024K)]
Total: 6

Threads with active compile tasks:
Total: 0

VM state: not at safepoint (normal execution)

VM Mutex/Monitor currently owned by a thread: None

Heap address: 0x0000000080000000, size: 2048 MB, Compressed Oops mode: 32-bit

CDS archive(s) mapped at: [0x000001490f000000-0x000001490fba0000-0x000001490fba0000), size 12189696, SharedBaseAddress: 0x000001490f000000, ArchiveRelocationMode: 1.
Compressed class space mapped at: 0x0000014910000000-0x0000014950000000, reserved size: 1073741824
Narrow klass base: 0x000001490f000000, Narrow klass shift: 0, Narrow klass range: 0x100000000

GC Precious Log:
 CardTable entry size: 512
 CPUs: 4 total, 4 available
 Memory: 7557M
 Large Page Support: Disabled
 NUMA Support: Disabled
 Compressed Oops: Enabled (32-bit)
 Alignments: Space 512K, Generation 512K, Heap 2M
 Heap Min Capacity: 100M
 Heap Initial Capacity: 100M
 Heap Max Capacity: 2G
 Pre-touch: Disabled
 Parallel Workers: 4

Heap:
 PSYoungGen      total 3072K, used 2370K [0x00000000d5580000, 0x00000000d5980000, 0x0000000100000000)
  eden space 2560K, 88% used [0x00000000d5580000,0x00000000d57b8b80,0x00000000d5800000)
  from space 512K, 18% used [0x00000000d5900000,0x00000000d5918000,0x00000000d5980000)
  to   space 512K, 0% used [0x00000000d5880000,0x00000000d5880000,0x00000000d5900000)
 ParOldGen       total 625664K, used 625203K [0x0000000080000000, 0x00000000a6300000, 0x00000000d5580000)
  object space 625664K, 99% used [0x0000000080000000,0x00000000a628ce58,0x00000000a6300000)
 Metaspace       used 88307K, committed 89920K, reserved 1179648K
  class space    used 8640K, committed 9344K, reserved 1048576K

Card table byte_map: [0x0000014973800000,0x0000014973c10000] _byte_map_base: 0x0000014973400000

Marking Bits: (ParMarkBitMap*) 0x00007ffa0b6a3450
 Begin Bits: [0x00000149772f0000, 0x00000149792f0000)
 End Bits:   [0x00000149792f0000, 0x000001497b2f0000)

Polling page: 0x0000014971ea0000

Metaspace:

Usage:
  Non-class:     77.80 MB used.
      Class:      8.44 MB used.
       Both:     86.24 MB used.

Virtual space:
  Non-class space:      128.00 MB reserved,      78.69 MB ( 61%) committed,  2 nodes.
      Class space:        1.00 GB reserved,       9.12 MB ( <1%) committed,  1 nodes.
             Both:        1.12 GB reserved,      87.81 MB (  8%) committed. 

Chunk freelists:
   Non-Class:  879.00 KB
       Class:  6.70 MB
        Both:  7.56 MB

MaxMetaspaceSize: unlimited
CompressedClassSpaceSize: 1.00 GB
Initial GC threshold: 21.00 MB
Current GC threshold: 145.44 MB
CDS: on
 - commit_granule_bytes: 65536.
 - commit_granule_words: 8192.
 - virtual_space_node_default_size: 8388608.
 - enlarge_chunks_in_place: 1.
 - use_allocation_guard: 0.


Internal statistics:

num_allocs_failed_limit: 9.
num_arena_births: 2074.
num_arena_deaths: 646.
num_vsnodes_births: 3.
num_vsnodes_deaths: 0.
num_space_committed: 1406.
num_space_uncommitted: 1.
num_chunks_returned_to_freelist: 816.
num_chunks_taken_from_freelist: 7034.
num_chunk_merges: 253.
num_chunk_splits: 3947.
num_chunks_enlarged: 2103.
num_inconsistent_stats: 0.

CodeHeap 'non-profiled nmethods': size=120000Kb used=21090Kb max_used=25902Kb free=98909Kb
 bounds [0x0000014907ad0000, 0x0000014909420000, 0x000001490f000000]
CodeHeap 'profiled nmethods': size=120000Kb used=37654Kb max_used=53044Kb free=82345Kb
 bounds [0x0000014900000000, 0x00000149033d0000, 0x0000014907530000]
CodeHeap 'non-nmethods': size=5760Kb used=1485Kb max_used=1609Kb free=4274Kb
 bounds [0x0000014907530000, 0x00000149077a0000, 0x0000014907ad0000]
CodeCache: size=245760Kb, used=60229Kb, max_used=80555Kb, free=185528Kb
 total_blobs=17851, nmethods=17045, adapters=709, full_count=0
Compilation: enabled, stopped_count=0, restarted_count=0

Compilation events (20 events):
Event: 268728.480 Thread 0x000001497b898a40 26799       3       sun.nio.fs.WindowsPath::resolve (6 bytes)
Event: 268728.495 Thread 0x000001497b898a40 nmethod 26799 0x000001490153a490 code [0x000001490153a640, 0x000001490153a800]
Event: 268728.579 Thread 0x000001497b898a40 26800       3       java.lang.invoke.LambdaForm$MH/0x0000014910490800::invoke (64 bytes)
Event: 268728.622 Thread 0x000001497b898a40 nmethod 26800 0x0000014901e68710 code [0x0000014901e68a00, 0x0000014901e69c20]
Event: 268728.622 Thread 0x000001497b898a40 26801       3       java.lang.invoke.LambdaForm$MH/0x0000014910744800::invoke (64 bytes)
Event: 268728.625 Thread 0x000001497b898a40 nmethod 26801 0x0000014901ef3110 code [0x0000014901ef33a0, 0x0000014901ef4170]
Event: 268728.639 Thread 0x000001497b828940 26802       4       java.io.ObjectOutputStream::writeString (74 bytes)
Event: 268728.667 Thread 0x000001497b898a40 26804       1       org.eclipse.core.internal.dtree.AbstractDataTreeNode::isEmptyDelta (2 bytes)
Event: 268728.695 Thread 0x000001497b898a40 nmethod 26804 0x0000014908e8b510 code [0x0000014908e8b6a0, 0x0000014908e8b768]
Event: 268728.696 Thread 0x000001497b898a40 26805       3       org.eclipse.core.internal.dtree.NoDataDeltaNode::isEmptyDelta (11 bytes)
Event: 268728.699 Thread 0x000001497b898a40 nmethod 26805 0x00000149015c6190 code [0x00000149015c6340, 0x00000149015c6598]
Event: 268728.699 Thread 0x000001497b898a40 26806       1       org.eclipse.core.internal.dtree.NoDataDeltaNode::type (2 bytes)
Event: 268728.700 Thread 0x000001497b898a40 nmethod 26806 0x0000014908e8b110 code [0x0000014908e8b2a0, 0x0000014908e8b368]
Event: 268728.792 Thread 0x000001497b828940 nmethod 26802 0x00000149084b1b90 code [0x00000149084b1e20, 0x00000149084b32d0]
Event: 268728.793 Thread 0x000001497b828940 26803       4       java.util.Arrays::fill (28 bytes)
Event: 268728.802 Thread 0x000001497b828940 nmethod 26803 0x0000014908d39090 code [0x0000014908d39220, 0x0000014908d394c0]
Event: 269476.555 Thread 0x000001497b898a40 26807       3       java.util.concurrent.LinkedBlockingQueue$Node::<init> (10 bytes)
Event: 269476.596 Thread 0x000001497b898a40 nmethod 26807 0x000001490153fa10 code [0x000001490153fbc0, 0x000001490153fd48]
Event: 269476.598 Thread 0x000001497b898a40 26808       3       java.util.concurrent.locks.AbstractQueuedSynchronizer$ConditionNode::block (15 bytes)
Event: 269476.691 Thread 0x000001497b898a40 nmethod 26808 0x00000149017ce610 code [0x00000149017ce800, 0x00000149017cedd0]

GC Heap History (20 events):
Event: 268431.770 GC heap before
{Heap before GC invocations=6117 (full 8):
 PSYoungGen      total 3072K, used 3072K [0x00000000d5580000, 0x00000000d6380000, 0x0000000100000000)
  eden space 512K, 100% used [0x00000000d5580000,0x00000000d5600000,0x00000000d5600000)
  from space 2560K, 100% used [0x00000000d5b00000,0x00000000d5d80000,0x00000000d5d80000)
  to   space 5120K, 0% used [0x00000000d5600000,0x00000000d5600000,0x00000000d5b00000)
 ParOldGen       total 617984K, used 617607K [0x0000000080000000, 0x00000000a5b80000, 0x00000000d5580000)
  object space 617984K, 99% used [0x0000000080000000,0x00000000a5b21c58,0x00000000a5b80000)
 Metaspace       used 88276K, committed 89856K, reserved 1179648K
  class space    used 8640K, committed 9344K, reserved 1048576K
}
Event: 268431.776 GC heap after
{Heap after GC invocations=6117 (full 8):
 PSYoungGen      total 1536K, used 576K [0x00000000d5580000, 0x00000000d5b80000, 0x0000000100000000)
  eden space 512K, 0% used [0x00000000d5580000,0x00000000d5580000,0x00000000d5600000)
  from space 1024K, 56% used [0x00000000d5600000,0x00000000d5690000,0x00000000d5700000)
  to   space 2560K, 0% used [0x00000000d5900000,0x00000000d5900000,0x00000000d5b80000)
 ParOldGen       total 620544K, used 620159K [0x0000000080000000, 0x00000000a5e00000, 0x00000000d5580000)
  object space 620544K, 99% used [0x0000000080000000,0x00000000a5d9fc58,0x00000000a5e00000)
 Metaspace       used 88276K, committed 89856K, reserved 1179648K
  class space    used 8640K, committed 9344K, reserved 1048576K
}
Event: 268431.778 GC heap before
{Heap before GC invocations=6118 (full 8):
 PSYoungGen      total 1536K, used 1088K [0x00000000d5580000, 0x00000000d5b80000, 0x0000000100000000)
  eden space 512K, 100% used [0x00000000d5580000,0x00000000d5600000,0x00000000d5600000)
  from space 1024K, 56% used [0x00000000d5600000,0x00000000d5690000,0x00000000d5700000)
  to   space 2560K, 0% used [0x00000000d5900000,0x00000000d5900000,0x00000000d5b80000)
 ParOldGen       total 620544K, used 620159K [0x0000000080000000, 0x00000000a5e00000, 0x00000000d5580000)
  object space 620544K, 99% used [0x0000000080000000,0x00000000a5d9fc58,0x00000000a5e00000)
 Metaspace       used 88276K, committed 89856K, reserved 1179648K
  class space    used 8640K, committed 9344K, reserved 1048576K
}
Event: 268431.784 GC heap after
{Heap after GC invocations=6118 (full 8):
 PSYoungGen      total 2048K, used 544K [0x00000000d5580000, 0x00000000d5a00000, 0x0000000100000000)
  eden space 1024K, 0% used [0x00000000d5580000,0x00000000d5580000,0x00000000d5680000)
  from space 1024K, 53% used [0x00000000d5900000,0x00000000d5988000,0x00000000d5a00000)
  to   space 1024K, 0% used [0x00000000d5800000,0x00000000d5800000,0x00000000d5900000)
 ParOldGen       total 621056K, used 620655K [0x0000000080000000, 0x00000000a5e80000, 0x00000000d5580000)
  object space 621056K, 99% used [0x0000000080000000,0x00000000a5e1bc58,0x00000000a5e80000)
 Metaspace       used 88276K, committed 89856K, reserved 1179648K
  class space    used 8640K, committed 9344K, reserved 1048576K
}
Event: 268431.789 GC heap before
{Heap before GC invocations=6119 (full 8):
 PSYoungGen      total 2048K, used 1567K [0x00000000d5580000, 0x00000000d5a00000, 0x0000000100000000)
  eden space 1024K, 99% used [0x00000000d5580000,0x00000000d567ff78,0x00000000d5680000)
  from space 1024K, 53% used [0x00000000d5900000,0x00000000d5988000,0x00000000d5a00000)
  to   space 1024K, 0% used [0x00000000d5800000,0x00000000d5800000,0x00000000d5900000)
 ParOldGen       total 621056K, used 620655K [0x0000000080000000, 0x00000000a5e80000, 0x00000000d5580000)
  object space 621056K, 99% used [0x0000000080000000,0x00000000a5e1bc58,0x00000000a5e80000)
 Metaspace       used 88276K, committed 89856K, reserved 1179648K
  class space    used 8640K, committed 9344K, reserved 1048576K
}
Event: 268431.794 GC heap after
{Heap after GC invocations=6119 (full 8):
 PSYoungGen      total 2560K, used 1024K [0x00000000d5580000, 0x00000000d5b00000, 0x0000000100000000)
  eden space 1536K, 0% used [0x00000000d5580000,0x00000000d5580000,0x00000000d5700000)
  from space 1024K, 100% used [0x00000000d5800000,0x00000000d5900000,0x00000000d5900000)
  to   space 2048K, 0% used [0x00000000d5900000,0x00000000d5900000,0x00000000d5b00000)
 ParOldGen       total 621568K, used 621167K [0x0000000080000000, 0x00000000a5f00000, 0x00000000d5580000)
  object space 621568K, 99% used [0x0000000080000000,0x00000000a5e9bc58,0x00000000a5f00000)
 Metaspace       used 88276K, committed 89856K, reserved 1179648K
  class space    used 8640K, committed 9344K, reserved 1048576K
}
Event: 268431.801 GC heap before
{Heap before GC invocations=6120 (full 8):
 PSYoungGen      total 2560K, used 2560K [0x00000000d5580000, 0x00000000d5b00000, 0x0000000100000000)
  eden space 1536K, 100% used [0x00000000d5580000,0x00000000d5700000,0x00000000d5700000)
  from space 1024K, 100% used [0x00000000d5800000,0x00000000d5900000,0x00000000d5900000)
  to   space 2048K, 0% used [0x00000000d5900000,0x00000000d5900000,0x00000000d5b00000)
 ParOldGen       total 621568K, used 621167K [0x0000000080000000, 0x00000000a5f00000, 0x00000000d5580000)
  object space 621568K, 99% used [0x0000000080000000,0x00000000a5e9bc58,0x00000000a5f00000)
 Metaspace       used 88276K, committed 89856K, reserved 1179648K
  class space    used 8640K, committed 9344K, reserved 1048576K
}
Event: 268431.808 GC heap after
{Heap after GC invocations=6120 (full 8):
 PSYoungGen      total 3584K, used 1536K [0x00000000d5580000, 0x00000000d5b80000, 0x0000000100000000)
  eden space 1536K, 0% used [0x00000000d5580000,0x00000000d5580000,0x00000000d5700000)
  from space 2048K, 75% used [0x00000000d5900000,0x00000000d5a80000,0x00000000d5b00000)
  to   space 2048K, 0% used [0x00000000d5700000,0x00000000d5700000,0x00000000d5900000)
 ParOldGen       total 622592K, used 622175K [0x0000000080000000, 0x00000000a6000000, 0x00000000d5580000)
  object space 622592K, 99% used [0x0000000080000000,0x00000000a5f97c58,0x00000000a6000000)
 Metaspace       used 88276K, committed 89856K, reserved 1179648K
  class space    used 8640K, committed 9344K, reserved 1048576K
}
Event: 268431.818 GC heap before
{Heap before GC invocations=6121 (full 8):
 PSYoungGen      total 3584K, used 3072K [0x00000000d5580000, 0x00000000d5b80000, 0x0000000100000000)
  eden space 1536K, 100% used [0x00000000d5580000,0x00000000d5700000,0x00000000d5700000)
  from space 2048K, 75% used [0x00000000d5900000,0x00000000d5a80000,0x00000000d5b00000)
  to   space 2048K, 0% used [0x00000000d5700000,0x00000000d5700000,0x00000000d5900000)
 ParOldGen       total 622592K, used 622175K [0x0000000080000000, 0x00000000a6000000, 0x00000000d5580000)
  object space 622592K, 99% used [0x0000000080000000,0x00000000a5f97c58,0x00000000a6000000)
 Metaspace       used 88276K, committed 89856K, reserved 1179648K
  class space    used 8640K, committed 9344K, reserved 1048576K
}
Event: 268431.823 GC heap after
{Heap after GC invocations=6121 (full 8):
 PSYoungGen      total 3584K, used 1428K [0x00000000d5580000, 0x00000000d5a80000, 0x0000000100000000)
  eden space 1536K, 0% used [0x00000000d5580000,0x00000000d5580000,0x00000000d5700000)
  from space 2048K, 69% used [0x00000000d5700000,0x00000000d5865200,0x00000000d5900000)
  to   space 1536K, 0% used [0x00000000d5900000,0x00000000d5900000,0x00000000d5a80000)
 ParOldGen       total 624128K, used 623719K [0x0000000080000000, 0x00000000a6180000, 0x00000000d5580000)
  object space 624128K, 99% used [0x0000000080000000,0x00000000a6119c58,0x00000000a6180000)
 Metaspace       used 88276K, committed 89856K, reserved 1179648K
  class space    used 8640K, committed 9344K, reserved 1048576K
}
Event: 268431.828 GC heap before
{Heap before GC invocations=6122 (full 8):
 PSYoungGen      total 3584K, used 2964K [0x00000000d5580000, 0x00000000d5a80000, 0x0000000100000000)
  eden space 1536K, 100% used [0x00000000d5580000,0x00000000d5700000,0x00000000d5700000)
  from space 2048K, 69% used [0x00000000d5700000,0x00000000d5865200,0x00000000d5900000)
  to   space 1536K, 0% used [0x00000000d5900000,0x00000000d5900000,0x00000000d5a80000)
 ParOldGen       total 624128K, used 623719K [0x0000000080000000, 0x00000000a6180000, 0x00000000d5580000)
  object space 624128K, 99% used [0x0000000080000000,0x00000000a6119c58,0x00000000a6180000)
 Metaspace       used 88276K, committed 89856K, reserved 1179648K
  class space    used 8640K, committed 9344K, reserved 1048576K
}
Event: 268431.833 GC heap after
{Heap after GC invocations=6122 (full 8):
 PSYoungGen      total 2560K, used 352K [0x00000000d5580000, 0x00000000d5980000, 0x0000000100000000)
  eden space 2048K, 0% used [0x00000000d5580000,0x00000000d5580000,0x00000000d5780000)
  from space 512K, 68% used [0x00000000d5900000,0x00000000d5958000,0x00000000d5980000)
  to   space 1024K, 0% used [0x00000000d5780000,0x00000000d5780000,0x00000000d5880000)
 ParOldGen       total 625152K, used 625043K [0x0000000080000000, 0x00000000a6280000, 0x00000000d5580000)
  object space 625152K, 99% used [0x0000000080000000,0x00000000a6264e58,0x00000000a6280000)
 Metaspace       used 88276K, committed 89856K, reserved 1179648K
  class space    used 8640K, committed 9344K, reserved 1048576K
}
Event: 268441.310 GC heap before
{Heap before GC invocations=6123 (full 8):
 PSYoungGen      total 2560K, used 2400K [0x00000000d5580000, 0x00000000d5980000, 0x0000000100000000)
  eden space 2048K, 100% used [0x00000000d5580000,0x00000000d5780000,0x00000000d5780000)
  from space 512K, 68% used [0x00000000d5900000,0x00000000d5958000,0x00000000d5980000)
  to   space 1024K, 0% used [0x00000000d5780000,0x00000000d5780000,0x00000000d5880000)
 ParOldGen       total 625152K, used 625043K [0x0000000080000000, 0x00000000a6280000, 0x00000000d5580000)
  object space 625152K, 99% used [0x0000000080000000,0x00000000a6264e58,0x00000000a6280000)
 Metaspace       used 88276K, committed 89856K, reserved 1179648K
  class space    used 8640K, committed 9344K, reserved 1048576K
}
Event: 268441.314 GC heap after
{Heap after GC invocations=6123 (full 8):
 PSYoungGen      total 3072K, used 96K [0x00000000d5580000, 0x00000000d5980000, 0x0000000100000000)
  eden space 2048K, 0% used [0x00000000d5580000,0x00000000d5580000,0x00000000d5780000)
  from space 1024K, 9% used [0x00000000d5780000,0x00000000d5798000,0x00000000d5880000)
  to   space 512K, 0% used [0x00000000d5900000,0x00000000d5900000,0x00000000d5980000)
 ParOldGen       total 625152K, used 625067K [0x0000000080000000, 0x00000000a6280000, 0x00000000d5580000)
  object space 625152K, 99% used [0x0000000080000000,0x00000000a626ae58,0x00000000a6280000)
 Metaspace       used 88276K, committed 89856K, reserved 1179648K
  class space    used 8640K, committed 9344K, reserved 1048576K
}
Event: 268456.532 GC heap before
{Heap before GC invocations=6124 (full 8):
 PSYoungGen      total 3072K, used 2138K [0x00000000d5580000, 0x00000000d5980000, 0x0000000100000000)
  eden space 2048K, 99% used [0x00000000d5580000,0x00000000d577e8d8,0x00000000d5780000)
  from space 1024K, 9% used [0x00000000d5780000,0x00000000d5798000,0x00000000d5880000)
  to   space 512K, 0% used [0x00000000d5900000,0x00000000d5900000,0x00000000d5980000)
 ParOldGen       total 625152K, used 625067K [0x0000000080000000, 0x00000000a6280000, 0x00000000d5580000)
  object space 625152K, 99% used [0x0000000080000000,0x00000000a626ae58,0x00000000a6280000)
 Metaspace       used 88277K, committed 89856K, reserved 1179648K
  class space    used 8640K, committed 9344K, reserved 1048576K
}
Event: 268456.536 GC heap after
{Heap after GC invocations=6124 (full 8):
 PSYoungGen      total 3072K, used 160K [0x00000000d5580000, 0x00000000d5980000, 0x0000000100000000)
  eden space 2560K, 0% used [0x00000000d5580000,0x00000000d5580000,0x00000000d5800000)
  from space 512K, 31% used [0x00000000d5900000,0x00000000d5928000,0x00000000d5980000)
  to   space 512K, 0% used [0x00000000d5880000,0x00000000d5880000,0x00000000d5900000)
 ParOldGen       total 625152K, used 625107K [0x0000000080000000, 0x00000000a6280000, 0x00000000d5580000)
  object space 625152K, 99% used [0x0000000080000000,0x00000000a6274e58,0x00000000a6280000)
 Metaspace       used 88277K, committed 89856K, reserved 1179648K
  class space    used 8640K, committed 9344K, reserved 1048576K
}
Event: 268463.467 GC heap before
{Heap before GC invocations=6125 (full 8):
 PSYoungGen      total 3072K, used 2720K [0x00000000d5580000, 0x00000000d5980000, 0x0000000100000000)
  eden space 2560K, 100% used [0x00000000d5580000,0x00000000d5800000,0x00000000d5800000)
  from space 512K, 31% used [0x00000000d5900000,0x00000000d5928000,0x00000000d5980000)
  to   space 512K, 0% used [0x00000000d5880000,0x00000000d5880000,0x00000000d5900000)
 ParOldGen       total 625152K, used 625107K [0x0000000080000000, 0x00000000a6280000, 0x00000000d5580000)
  object space 625152K, 99% used [0x0000000080000000,0x00000000a6274e58,0x00000000a6280000)
 Metaspace       used 88286K, committed 89920K, reserved 1179648K
  class space    used 8640K, committed 9344K, reserved 1048576K
}
Event: 268463.471 GC heap after
{Heap after GC invocations=6125 (full 8):
 PSYoungGen      total 3072K, used 128K [0x00000000d5580000, 0x00000000d5980000, 0x0000000100000000)
  eden space 2560K, 0% used [0x00000000d5580000,0x00000000d5580000,0x00000000d5800000)
  from space 512K, 25% used [0x00000000d5880000,0x00000000d58a0000,0x00000000d5900000)
  to   space 512K, 0% used [0x00000000d5900000,0x00000000d5900000,0x00000000d5980000)
 ParOldGen       total 625664K, used 625187K [0x0000000080000000, 0x00000000a6300000, 0x00000000d5580000)
  object space 625664K, 99% used [0x0000000080000000,0x00000000a6288e58,0x00000000a6300000)
 Metaspace       used 88286K, committed 89920K, reserved 1179648K
  class space    used 8640K, committed 9344K, reserved 1048576K
}
Event: 268728.580 GC heap before
{Heap before GC invocations=6126 (full 8):
 PSYoungGen      total 3072K, used 2688K [0x00000000d5580000, 0x00000000d5980000, 0x0000000100000000)
  eden space 2560K, 100% used [0x00000000d5580000,0x00000000d5800000,0x00000000d5800000)
  from space 512K, 25% used [0x00000000d5880000,0x00000000d58a0000,0x00000000d5900000)
  to   space 512K, 0% used [0x00000000d5900000,0x00000000d5900000,0x00000000d5980000)
 ParOldGen       total 625664K, used 625187K [0x0000000080000000, 0x00000000a6300000, 0x00000000d5580000)
  object space 625664K, 99% used [0x0000000080000000,0x00000000a6288e58,0x00000000a6300000)
 Metaspace       used 88304K, committed 89920K, reserved 1179648K
  class space    used 8640K, committed 9344K, reserved 1048576K
}
Event: 268728.608 GC heap after
{Heap after GC invocations=6126 (full 8):
 PSYoungGen      total 3072K, used 96K [0x00000000d5580000, 0x00000000d5980000, 0x0000000100000000)
  eden space 2560K, 0% used [0x00000000d5580000,0x00000000d5580000,0x00000000d5800000)
  from space 512K, 18% used [0x00000000d5900000,0x00000000d5918000,0x00000000d5980000)
  to   space 512K, 0% used [0x00000000d5880000,0x00000000d5880000,0x00000000d5900000)
 ParOldGen       total 625664K, used 625203K [0x0000000080000000, 0x00000000a6300000, 0x00000000d5580000)
  object space 625664K, 99% used [0x0000000080000000,0x00000000a628ce58,0x00000000a6300000)
 Metaspace       used 88304K, committed 89920K, reserved 1179648K
  class space    used 8640K, committed 9344K, reserved 1048576K
}

Dll operation events (10 events):
Event: 0.015 Loaded shared library c:\Users\a\.vscode\extensions\redhat.java-1.53.0-win32-x64\jre\21.0.10-win32-x86_64\bin\java.dll
Event: 0.752 Loaded shared library c:\Users\a\.vscode\extensions\redhat.java-1.53.0-win32-x64\jre\21.0.10-win32-x86_64\bin\zip.dll
Event: 0.997 Loaded shared library C:\Users\a\.vscode\extensions\redhat.java-1.53.0-win32-x64\jre\21.0.10-win32-x86_64\bin\instrument.dll
Event: 1.011 Loaded shared library C:\Users\a\.vscode\extensions\redhat.java-1.53.0-win32-x64\jre\21.0.10-win32-x86_64\bin\net.dll
Event: 1.174 Loaded shared library C:\Users\a\.vscode\extensions\redhat.java-1.53.0-win32-x64\jre\21.0.10-win32-x86_64\bin\nio.dll
Event: 1.179 Loaded shared library C:\Users\a\.vscode\extensions\redhat.java-1.53.0-win32-x64\jre\21.0.10-win32-x86_64\bin\zip.dll
Event: 1.254 Loaded shared library C:\Users\a\.vscode\extensions\redhat.java-1.53.0-win32-x64\jre\21.0.10-win32-x86_64\bin\jimage.dll
Event: 1.814 Loaded shared library c:\Users\a\.vscode\extensions\redhat.java-1.53.0-win32-x64\jre\21.0.10-win32-x86_64\bin\verify.dll
Event: 81.615 Loaded shared library C:\Users\a\AppData\Roaming\Code\User\globalStorage\redhat.java\1.53.0\config_win\org.eclipse.equinox.launcher\org.eclipse.equinox.launcher.win32.win32.x86_64_1.3.0.v20260203-2149\eclipse_11919.dll
Event: 110.414 Loaded shared library C:\Users\a\AppData\Local\Temp\jna-97\jna1315298724803241346.dll

Deoptimization events (20 events):
Event: 268030.200 Thread 0x000001497d7a7580 DEOPT PACKING pc=0x0000014908564774 sp=0x0000003f376fe690
Event: 268030.200 Thread 0x000001497d7a7580 DEOPT UNPACKING pc=0x0000014907583aa2 sp=0x0000003f376fe640 mode 2
Event: 268031.139 Thread 0x000001497d7a7580 DEOPT PACKING pc=0x0000014900ef4a37 sp=0x0000003f376fe040
Event: 268031.139 Thread 0x000001497d7a7580 DEOPT UNPACKING pc=0x0000014907584242 sp=0x0000003f376fd560 mode 0
Event: 268408.598 Thread 0x000001497d7a4100 DEOPT PACKING pc=0x0000014900ef4a0c sp=0x0000003f372fdbb0
Event: 268408.603 Thread 0x000001497d7a4100 DEOPT UNPACKING pc=0x0000014907584242 sp=0x0000003f372fd0d8 mode 0
Event: 268409.419 Thread 0x000001497d7a82a0 DEOPT PACKING pc=0x0000014902c36e3a sp=0x0000003f371fd350
Event: 268409.420 Thread 0x000001497d7a82a0 DEOPT UNPACKING pc=0x0000014907584242 sp=0x0000003f371fc870 mode 0
Event: 268413.926 Thread 0x000001497d7a82a0 DEOPT PACKING pc=0x0000014900ef4ad9 sp=0x0000003f371fe810
Event: 268413.927 Thread 0x000001497d7a82a0 DEOPT UNPACKING pc=0x0000014907584242 sp=0x0000003f371fdd40 mode 0
Event: 268415.452 Thread 0x000001497d7a82a0 DEOPT PACKING pc=0x0000014900ef4a0c sp=0x0000003f371fd9c0
Event: 268415.452 Thread 0x000001497d7a82a0 DEOPT UNPACKING pc=0x0000014907584242 sp=0x0000003f371fcee8 mode 0
Event: 268416.431 Thread 0x000001497d7a82a0 DEOPT PACKING pc=0x0000014900ef4a0c sp=0x0000003f371fd060
Event: 268416.431 Thread 0x000001497d7a82a0 DEOPT UNPACKING pc=0x0000014907584242 sp=0x0000003f371fc588 mode 0
Event: 268417.027 Thread 0x000001497d7a82a0 DEOPT PACKING pc=0x0000014902c3656e sp=0x0000003f371fdba0
Event: 268417.028 Thread 0x000001497d7a82a0 DEOPT UNPACKING pc=0x0000014907584242 sp=0x0000003f371fd0b8 mode 0
Event: 268429.879 Thread 0x00000149545d27c0 Uncommon trap: trap_request=0xffffff76 fr.pc=0x0000014908ab9714 relative=0x0000000000000174
Event: 268429.879 Thread 0x00000149545d27c0 Uncommon trap: reason=predicate action=maybe_recompile pc=0x0000014908ab9714 method=java.util.Arrays.fill([Ljava/lang/Object;IILjava/lang/Object;)V @ 13 c2
Event: 268429.879 Thread 0x00000149545d27c0 DEOPT PACKING pc=0x0000014908ab9714 sp=0x0000003f373fee90
Event: 268429.879 Thread 0x00000149545d27c0 DEOPT UNPACKING pc=0x0000014907583aa2 sp=0x0000003f373fee40 mode 2

Classes loaded (20 events):
Event: 255690.624 Loading class java/util/stream/Nodes$AbstractConcNode done
Event: 255690.624 Loading class java/util/stream/Nodes$ConcNode done
Event: 255690.660 Loading class java/io/ObjectOutputStream$BlockDataOutputStream
Event: 255690.661 Loading class java/io/ObjectOutputStream$BlockDataOutputStream done
Event: 255690.661 Loading class java/io/ObjectOutputStream$HandleTable
Event: 255690.662 Loading class java/io/ObjectOutputStream$HandleTable done
Event: 255690.662 Loading class java/io/ObjectOutputStream$ReplaceTable
Event: 255690.662 Loading class java/io/ObjectOutputStream$ReplaceTable done
Event: 255862.715 Loading class jdk/internal/icu/text/NormalizerBase$NFCModeImpl
Event: 255862.716 Loading class jdk/internal/icu/text/NormalizerBase$NFCModeImpl done
Event: 255862.716 Loading class jdk/internal/icu/impl/Norm2AllModes$NFCSingleton
Event: 255862.716 Loading class jdk/internal/icu/impl/Norm2AllModes$NFCSingleton done
Event: 255862.719 Loading class java/nio/StringCharBuffer
Event: 255862.720 Loading class java/nio/StringCharBuffer done
Event: 255928.473 Loading class java/lang/Throwable$WrappedPrintWriter
Event: 255928.474 Loading class java/lang/Throwable$PrintStreamOrWriter
Event: 255928.474 Loading class java/lang/Throwable$PrintStreamOrWriter done
Event: 255928.474 Loading class java/lang/Throwable$WrappedPrintWriter done
Event: 260396.584 Loading class java/net/HttpURLConnection
Event: 260396.588 Loading class java/net/HttpURLConnection done

Classes unloaded (20 events):
Event: 267642.922 Thread 0x000001497b80ea30 Unloading class 0x0000014910017400 'jdk/internal/reflect/GeneratedSerializationConstructorAccessor63'
Event: 267642.922 Thread 0x000001497b80ea30 Unloading class 0x0000014910018800 'jdk/internal/reflect/GeneratedSerializationConstructorAccessor62'
Event: 267642.922 Thread 0x000001497b80ea30 Unloading class 0x0000014910019400 'jdk/internal/reflect/GeneratedSerializationConstructorAccessor61'
Event: 267642.922 Thread 0x000001497b80ea30 Unloading class 0x0000014910080800 'jdk/internal/reflect/GeneratedSerializationConstructorAccessor60'
Event: 267642.922 Thread 0x000001497b80ea30 Unloading class 0x0000014910081000 'jdk/internal/reflect/GeneratedSerializationConstructorAccessor59'
Event: 267642.923 Thread 0x000001497b80ea30 Unloading class 0x0000014910124800 'java/lang/invoke/LambdaForm$MH+0x0000014910124800'
Event: 267642.923 Thread 0x000001497b80ea30 Unloading class 0x00000149101f5400 'jdk/internal/reflect/GeneratedSerializationConstructorAccessor58'
Event: 267642.923 Thread 0x000001497b80ea30 Unloading class 0x0000014910209800 'jdk/internal/reflect/GeneratedSerializationConstructorAccessor57'
Event: 267642.923 Thread 0x000001497b80ea30 Unloading class 0x0000014910214400 'jdk/internal/reflect/GeneratedSerializationConstructorAccessor56'
Event: 267642.923 Thread 0x000001497b80ea30 Unloading class 0x0000014910490800 'java/lang/invoke/LambdaForm$BMH+0x0000014910490800'
Event: 267642.923 Thread 0x000001497b80ea30 Unloading class 0x0000014910744800 'java/lang/invoke/LambdaForm$MH+0x0000014910744800'
Event: 267642.923 Thread 0x000001497b80ea30 Unloading class 0x000001491075ec00 'java/lang/invoke/LambdaForm$MH+0x000001491075ec00'
Event: 267642.923 Thread 0x000001497b80ea30 Unloading class 0x0000014910708800 'java/lang/invoke/LambdaForm$MH+0x0000014910708800'
Event: 267642.923 Thread 0x000001497b80ea30 Unloading class 0x00000149106a0800 'java/lang/invoke/LambdaForm$MH+0x00000149106a0800'
Event: 267642.924 Thread 0x000001497b80ea30 Unloading class 0x0000014910689000 'java/lang/invoke/LambdaForm$MH+0x0000014910689000'
Event: 267642.924 Thread 0x000001497b80ea30 Unloading class 0x0000014910688400 'java/lang/invoke/LambdaForm$MH+0x0000014910688400'
Event: 267642.924 Thread 0x000001497b80ea30 Unloading class 0x00000149108fb000 'java/lang/invoke/LambdaForm$MH+0x00000149108fb000'
Event: 267642.924 Thread 0x000001497b80ea30 Unloading class 0x0000014910188800 'java/lang/invoke/LambdaForm$MH+0x0000014910188800'
Event: 267642.925 Thread 0x000001497b80ea30 Unloading class 0x0000014910188000 'java/lang/invoke/LambdaForm$MH+0x0000014910188000'
Event: 267642.926 Thread 0x000001497b80ea30 Unloading class 0x0000014910187c00 'java/lang/invoke/LambdaForm$MH+0x0000014910187c00'

Classes redefined (0 events):
No events

Internal exceptions (20 events):
Event: 268022.812 Thread 0x00000149545d6ff0 Exception <a 'java/lang/ArrayIndexOutOfBoundsException'{0x00000000d559af70}: Index 1273 out of bounds for length 1272> (0x00000000d559af70) 
thrown [s\src\hotspot\share\interpreter\interpreterRuntime.cpp, line 439]
Event: 268030.038 Thread 0x000001497ccad970 Exception <a 'sun/nio/fs/WindowsException'{0x00000000d564fcc0}> (0x00000000d564fcc0) 
thrown [s\src\hotspot\share\prims\jni.cpp, line 520]
Event: 268032.997 Thread 0x000001497ccad970 Exception <a 'sun/nio/fs/WindowsException'{0x00000000d56fa588}> (0x00000000d56fa588) 
thrown [s\src\hotspot\share\prims\jni.cpp, line 520]
Event: 268313.525 Thread 0x000001497d7a33e0 Exception <a 'sun/nio/fs/WindowsException'{0x00000000d5648508}> (0x00000000d5648508) 
thrown [s\src\hotspot\share\prims\jni.cpp, line 520]
Event: 268313.525 Thread 0x000001497d7a33e0 Exception <a 'sun/nio/fs/WindowsException'{0x00000000d5649038}> (0x00000000d5649038) 
thrown [s\src\hotspot\share\prims\jni.cpp, line 520]
Event: 268409.492 Thread 0x000001497d7a82a0 Exception <a 'java/lang/NullPointerException'{0x00000000d55f18f0}> (0x00000000d55f18f0) 
thrown [s\src\hotspot\share\interpreter\linkResolver.cpp, line 1372]
Event: 268414.448 Thread 0x000001497d7a82a0 Exception <a 'java/lang/NullPointerException'{0x00000000d562a458}> (0x00000000d562a458) 
thrown [s\src\hotspot\share\interpreter\linkResolver.cpp, line 1372]
Event: 268415.672 Thread 0x000001497d7a82a0 Exception <a 'java/lang/NullPointerException'{0x00000000d56746d0}> (0x00000000d56746d0) 
thrown [s\src\hotspot\share\interpreter\linkResolver.cpp, line 1372]
Event: 268416.442 Thread 0x000001497d7a82a0 Exception <a 'java/lang/NullPointerException'{0x00000000d5802a30}> (0x00000000d5802a30) 
thrown [s\src\hotspot\share\interpreter\linkResolver.cpp, line 1372]
Event: 268417.472 Thread 0x000001497d7a82a0 Exception <a 'java/lang/NullPointerException'{0x00000000d5636238}> (0x00000000d5636238) 
thrown [s\src\hotspot\share\interpreter\linkResolver.cpp, line 1372]
Event: 268418.763 Thread 0x000001497d7a82a0 Exception <a 'java/lang/NullPointerException'{0x00000000d5705ce0}> (0x00000000d5705ce0) 
thrown [s\src\hotspot\share\interpreter\linkResolver.cpp, line 1372]
Event: 268419.537 Thread 0x000001497d7a82a0 Exception <a 'java/lang/NullPointerException'{0x00000000d59e34b8}> (0x00000000d59e34b8) 
thrown [s\src\hotspot\share\interpreter\linkResolver.cpp, line 1372]
Event: 268420.204 Thread 0x000001497d7a82a0 Exception <a 'java/lang/NullPointerException'{0x00000000d5594948}> (0x00000000d5594948) 
thrown [s\src\hotspot\share\interpreter\linkResolver.cpp, line 1372]
Event: 268420.725 Thread 0x000001497d7a4100 Exception <a 'java/lang/NullPointerException'{0x00000000d58be560}> (0x00000000d58be560) 
thrown [s\src\hotspot\share\interpreter\linkResolver.cpp, line 1372]
Event: 268426.947 Thread 0x000001497d7a4100 Exception <a 'java/lang/NullPointerException'{0x00000000d55c0d88}> (0x00000000d55c0d88) 
thrown [s\src\hotspot\share\interpreter\linkResolver.cpp, line 1372]
Event: 268428.405 Thread 0x000001497ccad970 Exception <a 'sun/nio/fs/WindowsException'{0x00000000d56e0098}> (0x00000000d56e0098) 
thrown [s\src\hotspot\share\prims\jni.cpp, line 520]
Event: 268431.659 Thread 0x000001497ccad970 Exception <a 'sun/nio/fs/WindowsException'{0x00000000d564fb30}> (0x00000000d564fb30) 
thrown [s\src\hotspot\share\prims\jni.cpp, line 520]
Event: 268431.841 Thread 0x000001497d7a4100 Exception <a 'java/lang/NullPointerException'{0x00000000d5765510}> (0x00000000d5765510) 
thrown [s\src\hotspot\share\interpreter\linkResolver.cpp, line 1372]
Event: 268728.488 Thread 0x000001497d7a61d0 Exception <a 'sun/nio/fs/WindowsException'{0x00000000d57dd610}> (0x00000000d57dd610) 
thrown [s\src\hotspot\share\prims\jni.cpp, line 520]
Event: 268728.493 Thread 0x000001497d7a61d0 Exception <a 'sun/nio/fs/WindowsException'{0x00000000d57de178}> (0x00000000d57de178) 
thrown [s\src\hotspot\share\prims\jni.cpp, line 520]

ZGC Phase Switch (0 events):
No events

VM Operations (20 events):
Event: 269612.681 Executing non-safepoint VM operation: HandshakeAllThreads (HandshakeForDeflation)
Event: 269612.684 Executing non-safepoint VM operation: HandshakeAllThreads (HandshakeForDeflation) done
Event: 269612.684 Executing non-safepoint VM operation: RendezvousGCThreads
Event: 269612.684 Executing non-safepoint VM operation: RendezvousGCThreads done
Event: 270515.077 Executing non-safepoint VM operation: HandshakeAllThreads (HandshakeForDeflation)
Event: 270515.077 Executing non-safepoint VM operation: HandshakeAllThreads (HandshakeForDeflation) done
Event: 270515.077 Executing non-safepoint VM operation: RendezvousGCThreads
Event: 270515.077 Executing non-safepoint VM operation: RendezvousGCThreads done
Event: 271657.279 Executing non-safepoint VM operation: HandshakeAllThreads (HandshakeForDeflation)
Event: 271657.286 Executing non-safepoint VM operation: HandshakeAllThreads (HandshakeForDeflation) done
Event: 271657.286 Executing non-safepoint VM operation: RendezvousGCThreads
Event: 271657.286 Executing non-safepoint VM operation: RendezvousGCThreads done
Event: 272318.899 Executing non-safepoint VM operation: HandshakeAllThreads (HandshakeForDeflation)
Event: 272318.900 Executing non-safepoint VM operation: HandshakeAllThreads (HandshakeForDeflation) done
Event: 272318.900 Executing non-safepoint VM operation: RendezvousGCThreads
Event: 272318.900 Executing non-safepoint VM operation: RendezvousGCThreads done
Event: 272499.200 Executing non-safepoint VM operation: HandshakeAllThreads (HandshakeForDeflation)
Event: 272499.207 Executing non-safepoint VM operation: HandshakeAllThreads (HandshakeForDeflation) done
Event: 272499.211 Executing non-safepoint VM operation: RendezvousGCThreads
Event: 272499.211 Executing non-safepoint VM operation: RendezvousGCThreads done

Memory protections (0 events):
No events

Nmethod flushes (20 events):
Event: 267992.491 Thread 0x000001497b80ea30 flushing  nmethod 0x0000014902d54190
Event: 267992.491 Thread 0x000001497b80ea30 flushing  nmethod 0x0000014902d59e10
Event: 267992.491 Thread 0x000001497b80ea30 flushing  nmethod 0x0000014902d81d10
Event: 267992.491 Thread 0x000001497b80ea30 flushing  nmethod 0x0000014902da3c90
Event: 267992.491 Thread 0x000001497b80ea30 flushing  nmethod 0x0000014902dad010
Event: 267992.491 Thread 0x000001497b80ea30 flushing  nmethod 0x0000014902db4190
Event: 267992.491 Thread 0x000001497b80ea30 flushing  nmethod 0x0000014902dd5790
Event: 267992.491 Thread 0x000001497b80ea30 flushing  nmethod 0x0000014902de6190
Event: 267992.491 Thread 0x000001497b80ea30 flushing  nmethod 0x0000014902e28d90
Event: 267992.491 Thread 0x000001497b80ea30 flushing  nmethod 0x0000014902e38390
Event: 267992.491 Thread 0x000001497b80ea30 flushing  nmethod 0x0000014902edf190
Event: 267992.491 Thread 0x000001497b80ea30 flushing  nmethod 0x0000014902ef2110
Event: 267992.491 Thread 0x000001497b80ea30 flushing  nmethod 0x0000014902efb490
Event: 267992.491 Thread 0x000001497b80ea30 flushing  nmethod 0x0000014902f20210
Event: 267992.491 Thread 0x000001497b80ea30 flushing  nmethod 0x0000014902f69410
Event: 267992.491 Thread 0x000001497b80ea30 flushing  nmethod 0x0000014902f90c10
Event: 267992.491 Thread 0x000001497b80ea30 flushing  nmethod 0x00000149030e8790
Event: 267992.491 Thread 0x000001497b80ea30 flushing  nmethod 0x000001490314e290
Event: 267992.491 Thread 0x000001497b80ea30 flushing  nmethod 0x000001490328cd90
Event: 267992.491 Thread 0x000001497b80ea30 flushing  nmethod 0x00000149033a4110

Events (20 events):
Event: 268428.555 Thread 0x00000149545d27c0 Thread added: 0x000001497d7a4790
Event: 268428.645 Thread 0x00000149545d27c0 Thread added: 0x000001497d7a4e20
Event: 268488.759 Thread 0x000001497d7a4790 Thread exited: 0x000001497d7a4790
Event: 268526.153 Thread 0x000001497d7a82a0 Thread exited: 0x000001497d7a82a0
Event: 268526.254 Thread 0x000001497d7a33e0 Thread exited: 0x000001497d7a33e0
Event: 268526.254 Thread 0x00000149545d27c0 Thread exited: 0x00000149545d27c0
Event: 268591.794 Thread 0x000001497d7a4100 Thread exited: 0x000001497d7a4100
Event: 268651.804 Thread 0x000001497d7a6860 Thread exited: 0x000001497d7a6860
Event: 268728.229 Thread 0x000001497d7a61d0 Thread added: 0x000001497d7a82a0
Event: 268728.429 Thread 0x000001497d7aa370 Thread exited: 0x000001497d7aa370
Event: 268728.431 Thread 0x000001497d7a61d0 Thread added: 0x000001497d7a7580
Event: 268728.445 Thread 0x000001497d7a7580 Thread exited: 0x000001497d7a7580
Event: 268728.506 Thread 0x000001497d7a61d0 Thread added: 0x000001497d7a6860
Event: 268728.508 Thread 0x000001497d7a6860 Thread exited: 0x000001497d7a6860
Event: 268728.658 Thread 0x000001497d7a4e20 Thread exited: 0x000001497d7a4e20
Event: 268788.892 Thread 0x000001497d7a61d0 Thread exited: 0x000001497d7a61d0
Event: 269572.403 Thread 0x000001497d7a7c10 Thread added: 0x000001497d7a7580
Event: 269572.419 Thread 0x000001497d7a7580 Thread added: 0x000001497d7aa370
Event: 269656.911 Thread 0x000001497d7a7580 Thread exited: 0x000001497d7a7580
Event: 269656.950 Thread 0x000001497d7a82a0 Thread exited: 0x000001497d7a82a0


Dynamic libraries:
0x00007ff6a0410000 - 0x00007ff6a041e000 	c:\Users\a\.vscode\extensions\redhat.java-1.53.0-win32-x64\jre\21.0.10-win32-x86_64\bin\java.exe
0x00007ffa8da90000 - 0x00007ffa8dc88000 	C:\Windows\SYSTEM32\ntdll.dll
0x00007ffa8c170000 - 0x00007ffa8c232000 	C:\Windows\System32\KERNEL32.DLL
0x00007ffa8b510000 - 0x00007ffa8b806000 	C:\Windows\System32\KERNELBASE.dll
0x00007ffa8b120000 - 0x00007ffa8b220000 	C:\Windows\System32\ucrtbase.dll
0x00007ffa73dd0000 - 0x00007ffa73de8000 	c:\Users\a\.vscode\extensions\redhat.java-1.53.0-win32-x64\jre\21.0.10-win32-x86_64\bin\jli.dll
0x00007ffa8d180000 - 0x00007ffa8d321000 	C:\Windows\System32\USER32.dll
0x00007ffa8b450000 - 0x00007ffa8b472000 	C:\Windows\System32\win32u.dll
0x00007ffa8c060000 - 0x00007ffa8c08b000 	C:\Windows\System32\GDI32.dll
0x00007ffa8b990000 - 0x00007ffa8baa9000 	C:\Windows\System32\gdi32full.dll
0x00007ffa8b380000 - 0x00007ffa8b41d000 	C:\Windows\System32\msvcp_win.dll
0x00007ffa75a50000 - 0x00007ffa75a6e000 	c:\Users\a\.vscode\extensions\redhat.java-1.53.0-win32-x64\jre\21.0.10-win32-x86_64\bin\VCRUNTIME140.dll
0x00007ffa78760000 - 0x00007ffa789fb000 	C:\Windows\WinSxS\amd64_microsoft.windows.common-controls_6595b64144ccf1df_6.0.19041.6456_none_60b8a6cb71f64256\COMCTL32.dll
0x00007ffa8bf20000 - 0x00007ffa8bfbe000 	C:\Windows\System32\msvcrt.dll
0x00007ffa8d590000 - 0x00007ffa8d5bf000 	C:\Windows\System32\IMM32.DLL
0x00007ffa853b0000 - 0x00007ffa853bc000 	c:\Users\a\.vscode\extensions\redhat.java-1.53.0-win32-x64\jre\21.0.10-win32-x86_64\bin\vcruntime140_1.dll
0x00007ffa5f9c0000 - 0x00007ffa5fa4d000 	c:\Users\a\.vscode\extensions\redhat.java-1.53.0-win32-x64\jre\21.0.10-win32-x86_64\bin\msvcp140.dll
0x00007ffa0a9e0000 - 0x00007ffa0b781000 	c:\Users\a\.vscode\extensions\redhat.java-1.53.0-win32-x64\jre\21.0.10-win32-x86_64\bin\server\jvm.dll
0x00007ffa8d5d0000 - 0x00007ffa8d681000 	C:\Windows\System32\ADVAPI32.dll
0x00007ffa8bfc0000 - 0x00007ffa8c05f000 	C:\Windows\System32\sechost.dll
0x00007ffa8d330000 - 0x00007ffa8d450000 	C:\Windows\System32\RPCRT4.dll
0x00007ffa8b420000 - 0x00007ffa8b447000 	C:\Windows\System32\bcrypt.dll
0x00007ffa8c2d0000 - 0x00007ffa8c33b000 	C:\Windows\System32\WS2_32.dll
0x00007ffa8a670000 - 0x00007ffa8a6bb000 	C:\Windows\SYSTEM32\POWRPROF.dll
0x00007ffa78a00000 - 0x00007ffa78a27000 	C:\Windows\SYSTEM32\WINMM.dll
0x00007ffa83040000 - 0x00007ffa8304a000 	C:\Windows\SYSTEM32\VERSION.dll
0x00007ffa8a4e0000 - 0x00007ffa8a4f2000 	C:\Windows\SYSTEM32\UMPDC.dll
0x00007ffa898f0000 - 0x00007ffa89902000 	C:\Windows\SYSTEM32\kernel.appcore.dll
0x00007ffa84310000 - 0x00007ffa8431a000 	c:\Users\a\.vscode\extensions\redhat.java-1.53.0-win32-x64\jre\21.0.10-win32-x86_64\bin\jimage.dll
0x00007ffa89560000 - 0x00007ffa89761000 	C:\Windows\SYSTEM32\DBGHELP.DLL
0x00007ffa80ff0000 - 0x00007ffa81024000 	C:\Windows\SYSTEM32\dbgcore.DLL
0x00007ffa8b480000 - 0x00007ffa8b502000 	C:\Windows\System32\bcryptPrimitives.dll
0x00007ffa63fd0000 - 0x00007ffa63fdf000 	c:\Users\a\.vscode\extensions\redhat.java-1.53.0-win32-x64\jre\21.0.10-win32-x86_64\bin\instrument.dll
0x00007ffa73db0000 - 0x00007ffa73dd0000 	c:\Users\a\.vscode\extensions\redhat.java-1.53.0-win32-x64\jre\21.0.10-win32-x86_64\bin\java.dll
0x00007ffa8c880000 - 0x00007ffa8cff0000 	C:\Windows\System32\SHELL32.dll
0x00007ffa88cf0000 - 0x00007ffa89495000 	C:\Windows\SYSTEM32\windows.storage.dll
0x00007ffa8d690000 - 0x00007ffa8d9e4000 	C:\Windows\System32\combase.dll
0x00007ffa8aa70000 - 0x00007ffa8aa9b000 	C:\Windows\SYSTEM32\Wldp.dll
0x00007ffa8c6f0000 - 0x00007ffa8c7bd000 	C:\Windows\System32\OLEAUT32.dll
0x00007ffa8c7c0000 - 0x00007ffa8c86d000 	C:\Windows\System32\SHCORE.dll
0x00007ffa8d120000 - 0x00007ffa8d17b000 	C:\Windows\System32\shlwapi.dll
0x00007ffa8b050000 - 0x00007ffa8b074000 	C:\Windows\SYSTEM32\profapi.dll
0x00007ffa51540000 - 0x00007ffa51558000 	c:\Users\a\.vscode\extensions\redhat.java-1.53.0-win32-x64\jre\21.0.10-win32-x86_64\bin\zip.dll
0x00007ffa63820000 - 0x00007ffa63830000 	C:\Users\a\.vscode\extensions\redhat.java-1.53.0-win32-x64\jre\21.0.10-win32-x86_64\bin\net.dll
0x00007ffa884c0000 - 0x00007ffa885ca000 	C:\Windows\SYSTEM32\WINHTTP.dll
0x00007ffa8a850000 - 0x00007ffa8a8ba000 	C:\Windows\system32\mswsock.dll
0x00007ffa51520000 - 0x00007ffa51536000 	C:\Users\a\.vscode\extensions\redhat.java-1.53.0-win32-x64\jre\21.0.10-win32-x86_64\bin\nio.dll
0x00007ffa62500000 - 0x00007ffa62510000 	c:\Users\a\.vscode\extensions\redhat.java-1.53.0-win32-x64\jre\21.0.10-win32-x86_64\bin\verify.dll
0x00007ffa55a10000 - 0x00007ffa55a55000 	C:\Users\a\AppData\Roaming\Code\User\globalStorage\redhat.java\1.53.0\config_win\org.eclipse.equinox.launcher\org.eclipse.equinox.launcher.win32.win32.x86_64_1.3.0.v20260203-2149\eclipse_11919.dll
0x00007ffa8c510000 - 0x00007ffa8c63b000 	C:\Windows\System32\ole32.dll
0x00007ffa8adc0000 - 0x00007ffa8add8000 	C:\Windows\SYSTEM32\CRYPTSP.dll
0x00007ffa8a120000 - 0x00007ffa8a158000 	C:\Windows\system32\rsaenh.dll
0x00007ffa8afd0000 - 0x00007ffa8affe000 	C:\Windows\SYSTEM32\USERENV.dll
0x00007ffa8a9e0000 - 0x00007ffa8a9ec000 	C:\Windows\SYSTEM32\CRYPTBASE.dll
0x00007ffa8a500000 - 0x00007ffa8a53b000 	C:\Windows\SYSTEM32\IPHLPAPI.DLL
0x00007ffa8d5c0000 - 0x00007ffa8d5c8000 	C:\Windows\System32\NSI.dll
0x00007ffa3b790000 - 0x00007ffa3b7d9000 	C:\Users\a\AppData\Local\Temp\jna-97\jna1315298724803241346.dll
0x00007ffa8d110000 - 0x00007ffa8d118000 	C:\Windows\System32\PSAPI.DLL
0x00007ffa7f620000 - 0x00007ffa7f637000 	C:\Windows\SYSTEM32\dhcpcsvc6.DLL
0x00007ffa7f600000 - 0x00007ffa7f61d000 	C:\Windows\SYSTEM32\dhcpcsvc.DLL

JVMTI agents:
c:\Users\a\.vscode\extensions\redhat.java-1.53.0-win32-x64\lombok\lombok-1.18.39-4050.jar path:c:\Users\a\.vscode\extensions\redhat.java-1.53.0-win32-x64\jre\21.0.10-win32-x86_64\bin\instrument.dll, loaded, initialized, instrumentlib options:none

dbghelp: loaded successfully - version: 4.0.5 - missing functions: none
symbol engine: initialized successfully - sym options: 0x614 - pdb path: .;c:\Users\a\.vscode\extensions\redhat.java-1.53.0-win32-x64\jre\21.0.10-win32-x86_64\bin;C:\Windows\SYSTEM32;C:\Windows\WinSxS\amd64_microsoft.windows.common-controls_6595b64144ccf1df_6.0.19041.6456_none_60b8a6cb71f64256;c:\Users\a\.vscode\extensions\redhat.java-1.53.0-win32-x64\jre\21.0.10-win32-x86_64\bin\server;C:\Users\a\AppData\Roaming\Code\User\globalStorage\redhat.java\1.53.0\config_win\org.eclipse.equinox.launcher\org.eclipse.equinox.launcher.win32.win32.x86_64_1.3.0.v20260203-2149;C:\Users\a\AppData\Local\Temp\jna-97

VM Arguments:
jvm_args: --add-modules=ALL-SYSTEM --add-opens=java.base/java.util=ALL-UNNAMED --add-opens=java.base/java.lang=ALL-UNNAMED --add-opens=java.base/sun.nio.fs=ALL-UNNAMED -Declipse.application=org.eclipse.jdt.ls.core.id1 -Dosgi.bundles.defaultStartLevel=4 -Declipse.product=org.eclipse.jdt.ls.core.product -Djava.import.generatesMetadataFilesAtProjectRoot=false -DDetectVMInstallationsJob.disabled=true -Dfile.encoding=utf8 -XX:+UseParallelGC -XX:GCTimeRatio=4 -XX:AdaptiveSizePolicyWeight=90 -Dsun.zip.disableMemoryMapping=true -Xmx2G -Xms100m -Xlog:disable -javaagent:c:\Users\a\.vscode\extensions\redhat.java-1.53.0-win32-x64\lombok\lombok-1.18.39-4050.jar -XX:+HeapDumpOnOutOfMemoryError -XX:HeapDumpPath=c:\Users\a\AppData\Roaming\Code\User\workspaceStorage\f74cf20efcac8666054b1732537943e5\redhat.java -Daether.dependencyCollector.impl=bf 
java_command: c:\Users\a\.vscode\extensions\redhat.java-1.53.0-win32-x64\server\plugins\org.eclipse.equinox.launcher_1.7.100.v20251111-0406.jar -configuration c:\Users\a\AppData\Roaming\Code\User\globalStorage\redhat.java\1.53.0\config_win -data c:\Users\a\AppData\Roaming\Code\User\workspaceStorage\f74cf20efcac8666054b1732537943e5\redhat.java\jdt_ws --pipe=\\.\pipe\lsp-a7e4c92d66b43148b6afb58f3c4db9f6-sock
java_class_path (initial): c:\Users\a\.vscode\extensions\redhat.java-1.53.0-win32-x64\server\plugins\org.eclipse.equinox.launcher_1.7.100.v20251111-0406.jar
Launcher Type: SUN_STANDARD

[Global flags]
    uintx AdaptiveSizePolicyWeight                 = 90                                        {product} {command line}
     intx CICompilerCount                          = 3                                         {product} {ergonomic}
    uintx GCTimeRatio                              = 4                                         {product} {command line}
     bool HeapDumpOnOutOfMemoryError               = true                                   {manageable} {command line}
    ccstr HeapDumpPath                             = c:\Users\a\AppData\Roaming\Code\User\workspaceStorage\f74cf20efcac8666054b1732537943e5\redhat.java         {manageable} {command line}
   size_t InitialHeapSize                          = 104857600                                 {product} {command line}
   size_t MaxHeapSize                              = 2147483648                                {product} {command line}
   size_t MaxNewSize                               = 715653120                                 {product} {ergonomic}
   size_t MinHeapDeltaBytes                        = 524288                                    {product} {ergonomic}
   size_t MinHeapSize                              = 104857600                                 {product} {command line}
   size_t NewSize                                  = 34603008                                  {product} {ergonomic}
    uintx NonNMethodCodeHeapSize                   = 5832780                                {pd product} {ergonomic}
    uintx NonProfiledCodeHeapSize                  = 122912730                              {pd product} {ergonomic}
   size_t OldSize                                  = 70254592                                  {product} {ergonomic}
    uintx ProfiledCodeHeapSize                     = 122912730                              {pd product} {ergonomic}
    uintx ReservedCodeCacheSize                    = 251658240                              {pd product} {ergonomic}
     bool SegmentedCodeCache                       = true                                      {product} {ergonomic}
   size_t SoftMaxHeapSize                          = 2147483648                             {manageable} {ergonomic}
     bool UseCompressedOops                        = true                           {product lp64_product} {ergonomic}
     bool UseLargePagesIndividualAllocation        = false                                  {pd product} {ergonomic}
     bool UseParallelGC                            = true                                      {product} {command line}

Logging:
Log output configuration:
 #0: stdout all=off uptime,level,tags foldmultilines=false
 #1: stderr all=off uptime,level,tags foldmultilines=false

Release file:
JAVA_VERSION="21.0.10" 
MODULES="java.base java.compiler java.datatransfer java.xml java.prefs java.desktop java.instrument java.logging java.management java.security.sasl java.naming java.rmi java.management.rmi java.net.http java.scripting java.security.jgss java.transaction.xa java.sql java.sql.rowset java.xml.crypto java.se java.smartcardio jdk.accessibility jdk.internal.jvmstat jdk.attach jdk.charsets jdk.internal.opt jdk.zipfs jdk.compiler jdk.crypto.ec jdk.crypto.cryptoki jdk.crypto.mscapi jdk.dynalink jdk.internal.ed jdk.editpad jdk.hotspot.agent jdk.httpserver jdk.internal.le jdk.internal.vm.ci jdk.internal.vm.compiler jdk.internal.vm.compiler.management jdk.jartool jdk.javadoc jdk.jcmd jdk.management jdk.management.agent jdk.jconsole jdk.jdeps jdk.jdwp.agent jdk.jdi jdk.jfr jdk.jshell jdk.jsobject jdk.jstatd jdk.localedata jdk.management.jfr jdk.naming.dns jdk.naming.rmi jdk.net jdk.nio.mapmode jdk.random jdk.sctp jdk.security.auth jdk.security.jgss jdk.unsupported jdk.unsupported.desktop jdk.xml.dom" 

Environment Variables:
JAVA_HOME=C:\Program Files\Java\jdk-17.0.2
PATH=C:\Program Files\Java\jdk-17.0.2\bin;C:\Program Files\Apache\Maven\apache-maven-3.9.12\bin;C:\Windows\System32;C:\Windows;C:\Windows\System32\wbem;C:\Users\a\AppData\Local\nvm;C:\nvm4w\nodejs;C:\Windows\System32\WindowsPowerShell\v1.0;C:\Users\a\AppData\Local\nvm;C:\Program Files\Git\cmd;C:\Program Files\MySQL\MySQL Server 8.0\bin;C:\Program Files\Java\jdk-17.0.2\bin;C:\Program Files\Apache\Maven\apache-maven-3.9.12\bin;C:\Windows\System32;C:\Windows;C:\Windows\System32\wbem;C:\Users\a\AppData\Local\nvm;C:\nvm4w\nodejs;C:\Users\a\AppData\Local\Programs\Microsoft VS Code\bin
USERNAME=a
OS=Windows_NT
PROCESSOR_IDENTIFIER=Intel64 Family 6 Model 78 Stepping 3, GenuineIntel
TMP=C:\Users\a\AppData\Local\Temp
TEMP=C:\Users\a\AppData\Local\Temp




Periodic native trim disabled

---------------  S Y S T E M  ---------------

OS:
 Windows 10 , 64 bit Build 19041 (10.0.19041.5915)
OS uptime: 9 days 23:18 hours
Hyper-V role detected

CPU: total 4 (initial active 4) (2 cores per cpu, 2 threads per core) family 6 model 78 stepping 3 microcode 0xcc, cx8, cmov, fxsr, ht, mmx, 3dnowpref, sse, sse2, sse3, ssse3, sse4.1, sse4.2, popcnt, lzcnt, tsc, tscinvbit, avx, avx2, aes, erms, clmul, bmi1, bmi2, rtm, adx, fma, vzeroupper, clflush, clflushopt, hv, rdtscp, f16c
Processor Information for the first 4 processors :
  Max Mhz: 2496, Current Mhz: 798, Mhz Limit: 798

Memory: 4k page, system-wide physical 7557M (365M free)
TotalPageFile size 21143M (AvailPageFile size 0M)
current process WorkingSet (physical memory assigned to process): 11M, peak: 1649M
current process commit charge ("private bytes"): 988M, peak: 1756M

vm_info: OpenJDK 64-Bit Server VM (21.0.10+7-LTS) for windows-amd64 JRE (21.0.10+7-LTS), built on 2026-01-20T00:00:00Z by "admin" with MS VC++ 17.12 (VS2022)

END.
