#
# There is insufficient memory for the Java Runtime Environment to continue.
# Native memory allocation (mmap) failed to map 65536 bytes. Error detail: Failed to commit metaspace.
# Possible reasons:
#   The system is out of physical RAM or swap space
#   This process is running with CompressedOops enabled, and the Java Heap may be blocking the growth of the native heap
# Possible solutions:
#   Reduce memory load on the system
#   Increase physical memory or swap space
#   Check if swap backing store is full
#   Decrease Java heap size (-Xmx/-Xms)
#   Decrease number of Java threads
#   Decrease Java thread stack sizes (-Xss)
#   Set larger code cache with -XX:ReservedCodeCacheSize=
#   JVM is running with Unscaled Compressed Oops mode in which the Java heap is
#     placed in the first 4GB address space. The Java Heap base address is the
#     maximum limit for the native heap growth. Please use -XX:HeapBaseMinAddress
#     to set the Java Heap base and to place the Java Heap above 4GB virtual address.
# This output file may be truncated or incomplete.
#
#  Out of Memory Error (virtualSpaceNode.cpp:113), pid=20344, tid=5068
#
# JRE version: OpenJDK Runtime Environment Temurin-21.0.10+7 (21.0.10+7) (build 21.0.10+7-LTS)
# Java VM: OpenJDK 64-Bit Server VM Temurin-21.0.10+7 (21.0.10+7-LTS, mixed mode, sharing, tiered, compressed oops, compressed class ptrs, parallel gc, windows-amd64)
# No core dump will be written. Minidumps are not enabled by default on client versions of Windows
#

---------------  S U M M A R Y ------------

Command Line: --add-modules=ALL-SYSTEM --add-opens=java.base/java.util=ALL-UNNAMED --add-opens=java.base/java.lang=ALL-UNNAMED --add-opens=java.base/sun.nio.fs=ALL-UNNAMED -Declipse.application=org.eclipse.jdt.ls.core.id1 -Dosgi.bundles.defaultStartLevel=4 -Declipse.product=org.eclipse.jdt.ls.core.product -Djava.import.generatesMetadataFilesAtProjectRoot=false -DDetectVMInstallationsJob.disabled=true -Dfile.encoding=utf8 -XX:+UseParallelGC -XX:GCTimeRatio=4 -XX:AdaptiveSizePolicyWeight=90 -Dsun.zip.disableMemoryMapping=true -Xmx2G -Xms100m -Xlog:disable -javaagent:c:\Users\a\.vscode\extensions\redhat.java-1.53.0-win32-x64\lombok\lombok-1.18.39-4050.jar -XX:+HeapDumpOnOutOfMemoryError -XX:HeapDumpPath=c:\Users\a\AppData\Roaming\Code\User\workspaceStorage\f74cf20efcac8666054b1732537943e5\redhat.java -Daether.dependencyCollector.impl=bf c:\Users\a\.vscode\extensions\redhat.java-1.53.0-win32-x64\server\plugins\org.eclipse.equinox.launcher_1.7.100.v20251111-0406.jar -configuration c:\Users\a\AppData\Roaming\Code\User\globalStorage\redhat.java\1.53.0\config_win -data c:\Users\a\AppData\Roaming\Code\User\workspaceStorage\f74cf20efcac8666054b1732537943e5\redhat.java\jdt_ws --pipe=\\.\pipe\lsp-13e0f5cf5a251c3d2ed4977afdc3d5de-sock

Host: Intel(R) Core(TM) i5-6300U CPU @ 2.40GHz, 4 cores, 7G,  Windows 10 , 64 bit Build 19041 (10.0.19041.5915)
Time: Sun Mar  1 18:17:56 2026 Maroc elapsed time: 2.846672 seconds (0d 0h 0m 2s)

---------------  T H R E A D  ---------------

Current thread (0x0000020332836ec0):  JavaThread "main"             [_thread_in_vm, id=5068, stack(0x000000f859c00000,0x000000f859d00000) (1024K)]

Stack: [0x000000f859c00000,0x000000f859d00000]
Native frames: (J=compiled Java code, j=interpreted, Vv=VM code, C=native code)
V  [jvm.dll+0x6d7a39]
V  [jvm.dll+0x8b4b26]
V  [jvm.dll+0x8b70de]
V  [jvm.dll+0x8b77c3]
V  [jvm.dll+0x284346]
V  [jvm.dll+0x8b086e]
V  [jvm.dll+0x679444]
V  [jvm.dll+0x6794aa]
V  [jvm.dll+0x67bca6]
V  [jvm.dll+0x67bb72]
V  [jvm.dll+0x679e1e]
V  [jvm.dll+0x3c74d3]
V  [jvm.dll+0x2116fb]
V  [jvm.dll+0x5b6479]
V  [jvm.dll+0x22168e]
V  [jvm.dll+0x82e12d]
V  [jvm.dll+0x82f15b]
V  [jvm.dll+0x82f918]
V  [jvm.dll+0x21a7fb]
V  [jvm.dll+0x20f647]
V  [jvm.dll+0x5b644f]
V  [jvm.dll+0x22168e]
V  [jvm.dll+0x82e12d]
V  [jvm.dll+0x82f15b]
V  [jvm.dll+0x82f918]
V  [jvm.dll+0x21a7fb]
V  [jvm.dll+0x20f647]
V  [jvm.dll+0x5b644f]
V  [jvm.dll+0x22168e]
V  [jvm.dll+0x82e12d]
V  [jvm.dll+0x82f15b]
V  [jvm.dll+0x82f724]
V  [jvm.dll+0x82f3b8]
V  [jvm.dll+0x478199]
V  [jvm.dll+0x47ff0b]
C  [java.dll+0x13e9]

Java frames: (J=compiled Java code, j=interpreted, Vv=VM code)
j  java.lang.Class.forName0(Ljava/lang/String;ZLjava/lang/ClassLoader;Ljava/lang/Class;)Ljava/lang/Class;+0 java.base@21.0.10
j  java.lang.Class.forName(Ljava/lang/String;Ljava/lang/Class;)Ljava/lang/Class;+19 java.base@21.0.10
j  java.lang.Class.forName(Ljava/lang/String;)Ljava/lang/Class;+6 java.base@21.0.10
j  java.security.Provider$Service.getImplClass()Ljava/lang/Class;+64 java.base@21.0.10
j  java.security.Provider$Service.getDefaultConstructor()Ljava/lang/reflect/Constructor;+46 java.base@21.0.10
j  java.security.Provider$Service.newInstanceOf()Ljava/lang/Object;+1 java.base@21.0.10
j  java.security.Provider$Service.newInstanceUtil(Ljava/lang/Class;Ljava/lang/Object;)Ljava/lang/Object;+5 java.base@21.0.10
j  java.security.Provider$Service.newInstance(Ljava/lang/Object;)Ljava/lang/Object;+216 java.base@21.0.10
j  sun.security.jca.GetInstance.getInstance(Ljava/security/Provider$Service;Ljava/lang/Class;)Lsun/security/jca/GetInstance$Instance;+2 java.base@21.0.10
j  sun.security.jca.GetInstance.getInstance(Ljava/lang/String;Ljava/lang/Class;Ljava/lang/String;)Lsun/security/jca/GetInstance$Instance;+56 java.base@21.0.10
j  java.security.MessageDigest.getInstance(Ljava/lang/String;)Ljava/security/MessageDigest;+12 java.base@21.0.10
j  sun.security.pkcs.SignerInfo.verify(Lsun/security/pkcs/PKCS7;[B)Lsun/security/pkcs/SignerInfo;+305 java.base@21.0.10
j  sun.security.pkcs.PKCS7.verify(Lsun/security/pkcs/SignerInfo;[B)Lsun/security/pkcs/SignerInfo;+3 java.base@21.0.10
j  sun.security.pkcs.PKCS7.verify([B)[Lsun/security/pkcs/SignerInfo;+27 java.base@21.0.10
j  sun.security.pkcs.SignerInfo.getTimestamp()Ljava/security/Timestamp;+45 java.base@21.0.10
j  sun.security.pkcs.SignerInfo.verify(Lsun/security/pkcs/PKCS7;[B)Lsun/security/pkcs/SignerInfo;+3 java.base@21.0.10
j  sun.security.pkcs.PKCS7.verify(Lsun/security/pkcs/SignerInfo;[B)Lsun/security/pkcs/SignerInfo;+3 java.base@21.0.10
j  sun.security.pkcs.PKCS7.verify([B)[Lsun/security/pkcs/SignerInfo;+27 java.base@21.0.10
j  sun.security.util.SignatureFileVerifier.processImpl(Ljava/util/Hashtable;Ljava/util/List;Ljava/lang/String;)V+62 java.base@21.0.10
j  sun.security.util.SignatureFileVerifier.process(Ljava/util/Hashtable;Ljava/util/List;Ljava/lang/String;)V+12 java.base@21.0.10
j  java.util.jar.JarVerifier.processEntry(Lsun/security/util/ManifestEntryVerifier;)V+397 java.base@21.0.10
j  java.util.jar.JarVerifier.update(I[BIILsun/security/util/ManifestEntryVerifier;)V+39 java.base@21.0.10
j  java.util.jar.JarFile.initializeVerifier()V+164 java.base@21.0.10
j  java.util.jar.JarFile.ensureInitialization()V+36 java.base@21.0.10
j  java.util.jar.JavaUtilJarAccessImpl.ensureInitialization(Ljava/util/jar/JarFile;)V+1 java.base@21.0.10
j  jdk.internal.loader.URLClassPath$JarLoader$2.getManifest()Ljava/util/jar/Manifest;+10 java.base@21.0.10
j  jdk.internal.loader.BuiltinClassLoader.defineClass(Ljava/lang/String;Ljdk/internal/loader/Resource;)Ljava/lang/Class;+29 java.base@21.0.10
j  jdk.internal.loader.BuiltinClassLoader.findClassOnClassPathOrNull(Ljava/lang/String;)Ljava/lang/Class;+37 java.base@21.0.10
j  jdk.internal.loader.BuiltinClassLoader.loadClassOrNull(Ljava/lang/String;Z)Ljava/lang/Class;+111 java.base@21.0.10
j  jdk.internal.loader.BuiltinClassLoader.loadClass(Ljava/lang/String;Z)Ljava/lang/Class;+3 java.base@21.0.10
j  jdk.internal.loader.ClassLoaders$AppClassLoader.loadClass(Ljava/lang/String;Z)Ljava/lang/Class;+36 java.base@21.0.10
j  java.lang.ClassLoader.loadClass(Ljava/lang/String;)Ljava/lang/Class;+3 java.base@21.0.10
v  ~StubRoutines::call_stub 0x000002033f16100d
j  java.lang.Class.forName0(Ljava/lang/String;ZLjava/lang/ClassLoader;Ljava/lang/Class;)Ljava/lang/Class;+0 java.base@21.0.10
j  java.lang.Class.forName(Ljava/lang/String;ZLjava/lang/ClassLoader;Ljava/lang/Class;)Ljava/lang/Class;+37 java.base@21.0.10
j  java.lang.Class.forName(Ljava/lang/String;ZLjava/lang/ClassLoader;)Ljava/lang/Class;+20 java.base@21.0.10
j  sun.launcher.LauncherHelper.loadMainClass(ILjava/lang/String;)Ljava/lang/Class;+95 java.base@21.0.10
j  sun.launcher.LauncherHelper.checkAndLoadMain(ZILjava/lang/String;)Ljava/lang/Class;+42 java.base@21.0.10
v  ~StubRoutines::call_stub 0x000002033f16100d

---------------  P R O C E S S  ---------------

Threads class SMR info:
_java_thread_list=0x000002038d3a3840, length=12, elements={
0x0000020332836ec0, 0x000002034b4083e0, 0x000002034b40ba40, 0x000002034b40e6b0,
0x000002034b40fd00, 0x000002034b410960, 0x000002034b413650, 0x000002034b4188a0,
0x000002034b490990, 0x000002038d25d560, 0x000002038d3b26f0, 0x000002038d2667b0
}

Java Threads: ( => current thread )
=>0x0000020332836ec0 JavaThread "main"                              [_thread_in_vm, id=5068, stack(0x000000f859c00000,0x000000f859d00000) (1024K)]
  0x000002034b4083e0 JavaThread "Reference Handler"          daemon [_thread_blocked, id=20972, stack(0x000000f85a000000,0x000000f85a100000) (1024K)]
  0x000002034b40ba40 JavaThread "Finalizer"                  daemon [_thread_blocked, id=7664, stack(0x000000f85a100000,0x000000f85a200000) (1024K)]
  0x000002034b40e6b0 JavaThread "Signal Dispatcher"          daemon [_thread_blocked, id=18864, stack(0x000000f85a200000,0x000000f85a300000) (1024K)]
  0x000002034b40fd00 JavaThread "Attach Listener"            daemon [_thread_blocked, id=10712, stack(0x000000f85a300000,0x000000f85a400000) (1024K)]
  0x000002034b410960 JavaThread "Service Thread"             daemon [_thread_blocked, id=20540, stack(0x000000f85a400000,0x000000f85a500000) (1024K)]
  0x000002034b413650 JavaThread "Monitor Deflation Thread"   daemon [_thread_blocked, id=4224, stack(0x000000f85a500000,0x000000f85a600000) (1024K)]
  0x000002034b4188a0 JavaThread "C2 CompilerThread0"         daemon [_thread_in_native, id=8588, stack(0x000000f85a600000,0x000000f85a700000) (1024K)]
  0x000002034b490990 JavaThread "C1 CompilerThread0"         daemon [_thread_blocked, id=7360, stack(0x000000f85a700000,0x000000f85a800000) (1024K)]
  0x000002038d25d560 JavaThread "Common-Cleaner"             daemon [_thread_blocked, id=1096, stack(0x000000f85a800000,0x000000f85a900000) (1024K)]
  0x000002038d3b26f0 JavaThread "Notification Thread"        daemon [_thread_blocked, id=5548, stack(0x000000f85a900000,0x000000f85aa00000) (1024K)]
  0x000002038d2667b0 JavaThread "C2 CompilerThread1"         daemon [_thread_in_native, id=18228, stack(0x000000f85aa00000,0x000000f85ab00000) (1024K)]
Total: 12

Other Threads:
  0x000002034b3fea20 VMThread "VM Thread"                           [id=2996, stack(0x000000f859f00000,0x000000f85a000000) (1024K)]
  0x0000020334a8b2f0 WatcherThread "VM Periodic Task Thread"        [id=13788, stack(0x000000f859e00000,0x000000f859f00000) (1024K)]
  0x0000020334a305b0 WorkerThread "GC Thread#0"                     [id=17624, stack(0x000000f859d00000,0x000000f859e00000) (1024K)]
Total: 3

Threads with active compile tasks:
C2 CompilerThread0  2960  668       4       lombok.patcher.PatchScript::classMatches (41 bytes)
C2 CompilerThread1  2960  670       4       java.util.Arrays::copyOfRange (25 bytes)
Total: 2

VM state: not at safepoint (normal execution)

VM Mutex/Monitor currently owned by a thread:  ([mutex/lock_event])
[0x00007ffa0b69c4e0] Metaspace_lock - owner thread: 0x0000020332836ec0

Heap address: 0x0000000080000000, size: 2048 MB, Compressed Oops mode: 32-bit

CDS archive(s) mapped at: [0x000002034c000000-0x000002034cba0000-0x000002034cba0000), size 12189696, SharedBaseAddress: 0x000002034c000000, ArchiveRelocationMode: 1.
Compressed class space mapped at: 0x000002034d000000-0x000002038d000000, reserved size: 1073741824
Narrow klass base: 0x000002034c000000, Narrow klass shift: 0, Narrow klass range: 0x100000000

GC Precious Log:
 CardTable entry size: 512
 CPUs: 4 total, 4 available
 Memory: 7557M
 Large Page Support: Disabled
 NUMA Support: Disabled
 Compressed Oops: Enabled (32-bit)
 Alignments: Space 512K, Generation 512K, Heap 2M
 Heap Min Capacity: 100M
 Heap Initial Capacity: 100M
 Heap Max Capacity: 2G
 Pre-touch: Disabled
 Parallel Workers: 4

Heap:
 PSYoungGen      total 29696K, used 13338K [0x00000000d5580000, 0x00000000d7680000, 0x0000000100000000)
  eden space 25600K, 52% used [0x00000000d5580000,0x00000000d6286830,0x00000000d6e80000)
  from space 4096K, 0% used [0x00000000d7280000,0x00000000d7280000,0x00000000d7680000)
  to   space 4096K, 0% used [0x00000000d6e80000,0x00000000d6e80000,0x00000000d7280000)
 ParOldGen       total 68608K, used 0K [0x0000000080000000, 0x0000000084300000, 0x00000000d5580000)
  object space 68608K, 0% used [0x0000000080000000,0x0000000080000000,0x0000000084300000)
 Metaspace       used 2406K, committed 2560K, reserved 1114112K
  class space    used 243K, committed 320K, reserved 1048576K

Card table byte_map: [0x00000203343d0000,0x00000203347e0000] _byte_map_base: 0x0000020333fd0000

Marking Bits: (ParMarkBitMap*) 0x00007ffa0b6a3450
 Begin Bits: [0x0000020346ee0000, 0x0000020348ee0000)
 End Bits:   [0x0000020348ee0000, 0x000002034aee0000)

Polling page: 0x00000203327d0000

Metaspace:

Usage:
  Non-class:      2.11 MB used.
      Class:    243.47 KB used.
       Both:      2.35 MB used.

Virtual space:
  Non-class space:       64.00 MB reserved,       2.19 MB (  3%) committed,  1 nodes.
      Class space:        1.00 GB reserved,     320.00 KB ( <1%) committed,  1 nodes.
             Both:        1.06 GB reserved,       2.50 MB ( <1%) committed. 

Chunk freelists:
   Non-Class:  11.65 MB
       Class:  15.67 MB
        Both:  27.32 MB

MaxMetaspaceSize: unlimited
CompressedClassSpaceSize: 1.00 GB
Initial GC threshold: 21.00 MB
Current GC threshold: 21.00 MB
CDS: on
 - commit_granule_bytes: 65536.
 - commit_granule_words: 8192.
 - virtual_space_node_default_size: 8388608.
 - enlarge_chunks_in_place: 1.
 - use_allocation_guard: 0.


Internal statistics:

num_allocs_failed_limit: 0.
num_arena_births: 80.
num_arena_deaths: 0.
num_vsnodes_births: 2.
num_vsnodes_deaths: 0.
num_space_committed: 40.
num_space_uncommitted: 0.
num_chunks_returned_to_freelist: 0.
num_chunks_taken_from_freelist: 102.
num_chunk_merges: 0.
num_chunk_splits: 72.
num_chunks_enlarged: 46.
num_inconsistent_stats: 0.

CodeHeap 'non-profiled nmethods': size=120000Kb used=276Kb max_used=276Kb free=119723Kb
 bounds [0x000002033f700000, 0x000002033f970000, 0x0000020346c30000]
CodeHeap 'profiled nmethods': size=120000Kb used=987Kb max_used=987Kb free=119012Kb
 bounds [0x0000020337c30000, 0x0000020337ea0000, 0x000002033f160000]
CodeHeap 'non-nmethods': size=5760Kb used=1178Kb max_used=1201Kb free=4581Kb
 bounds [0x000002033f160000, 0x000002033f3d0000, 0x000002033f700000]
CodeCache: size=245760Kb, used=2441Kb, max_used=2464Kb, free=243316Kb
 total_blobs=1106, nmethods=671, adapters=342, full_count=0
Compilation: enabled, stopped_count=0, restarted_count=0

Compilation events (20 events):
Event: 2.730 Thread 0x000002034b490990  665       3       java.lang.Character::isSurrogate (18 bytes)
Event: 2.730 Thread 0x000002034b490990 nmethod 665 0x0000020337d24510 code [0x0000020337d246a0, 0x0000020337d24818]
Event: 2.731 Thread 0x000002034b490990  666       3       java.util.regex.Pattern::peek (26 bytes)
Event: 2.731 Thread 0x000002034b4188a0 nmethod 656 0x000002033f741190 code [0x000002033f741320, 0x000002033f741610]
Event: 2.731 Thread 0x000002034b4188a0  657       4       java.lang.StringLatin1::lastIndexOf (40 bytes)
Event: 2.731 Thread 0x000002034b490990 nmethod 666 0x0000020337d24890 code [0x0000020337d24a40, 0x0000020337d24c98]
Event: 2.736 Thread 0x000002034b4188a0 nmethod 657 0x000002033f741790 code [0x000002033f741920, 0x000002033f741b10]
Event: 2.737 Thread 0x000002034b4188a0  648       4       java.lang.CharacterDataLatin1::digit (32 bytes)
Event: 2.737 Thread 0x000002034b490990  667       3       java.lang.invoke.LambdaForm$NamedFunction::returnType (11 bytes)
Event: 2.737 Thread 0x000002034b490990 nmethod 667 0x0000020337d24d90 code [0x0000020337d24fa0, 0x0000020337d254b8]
Event: 2.738 Thread 0x000002034b4188a0 nmethod 648 0x000002033f741c10 code [0x000002033f741da0, 0x000002033f741ec8]
Event: 2.738 Thread 0x000002034b4188a0  653       4       java.lang.Character::digit (6 bytes)
Event: 2.739 Thread 0x000002034b4188a0 nmethod 653 0x000002033f742010 code [0x000002033f7421a0, 0x000002033f7422e0]
Event: 2.826 Thread 0x000002034b4188a0  668       4       lombok.patcher.PatchScript::classMatches (41 bytes)
Event: 2.830 Thread 0x000002034b490990  669       3       sun.security.util.DerInputStream::available (10 bytes)
Event: 2.830 Thread 0x000002034b490990 nmethod 669 0x0000020337d25710 code [0x0000020337d258a0, 0x0000020337d259b0]
Event: 2.832 Thread 0x000002034b490990  671       3       java.util.jar.Manifest$FastInputStream::readLine (296 bytes)
Event: 2.833 Thread 0x000002034b490990 nmethod 671 0x0000020337d25a10 code [0x0000020337d25c40, 0x0000020337d264a8]
Event: 2.837 Thread 0x000002034b490990  672       3       java.util.Objects::checkFromIndexSize (8 bytes)
Event: 2.837 Thread 0x000002034b490990 nmethod 672 0x0000020337d26810 code [0x0000020337d269c0, 0x0000020337d26bc8]

GC Heap History (0 events):
No events

Dll operation events (8 events):
Event: 0.549 Loaded shared library c:\Users\a\.vscode\extensions\redhat.java-1.53.0-win32-x64\jre\21.0.10-win32-x86_64\bin\java.dll
Event: 0.882 Loaded shared library c:\Users\a\.vscode\extensions\redhat.java-1.53.0-win32-x64\jre\21.0.10-win32-x86_64\bin\zip.dll
Event: 0.972 Loaded shared library C:\Users\a\.vscode\extensions\redhat.java-1.53.0-win32-x64\jre\21.0.10-win32-x86_64\bin\instrument.dll
Event: 0.982 Loaded shared library C:\Users\a\.vscode\extensions\redhat.java-1.53.0-win32-x64\jre\21.0.10-win32-x86_64\bin\net.dll
Event: 0.988 Loaded shared library C:\Users\a\.vscode\extensions\redhat.java-1.53.0-win32-x64\jre\21.0.10-win32-x86_64\bin\nio.dll
Event: 0.998 Loaded shared library C:\Users\a\.vscode\extensions\redhat.java-1.53.0-win32-x64\jre\21.0.10-win32-x86_64\bin\zip.dll
Event: 1.095 Loaded shared library C:\Users\a\.vscode\extensions\redhat.java-1.53.0-win32-x64\jre\21.0.10-win32-x86_64\bin\jimage.dll
Event: 1.704 Loaded shared library c:\Users\a\.vscode\extensions\redhat.java-1.53.0-win32-x64\jre\21.0.10-win32-x86_64\bin\verify.dll

Deoptimization events (20 events):
Event: 2.204 Thread 0x0000020332836ec0 DEOPT PACKING pc=0x000002033f710e64 sp=0x000000f859cff3e0
Event: 2.204 Thread 0x0000020332836ec0 DEOPT UNPACKING pc=0x000002033f1b3aa2 sp=0x000000f859cff320 mode 2
Event: 2.219 Thread 0x0000020332836ec0 Uncommon trap: trap_request=0xffffffde fr.pc=0x000002033f70f908 relative=0x00000000000007e8
Event: 2.219 Thread 0x0000020332836ec0 Uncommon trap: reason=class_check action=maybe_recompile pc=0x000002033f70f908 method=java.util.HashMap.putVal(ILjava/lang/Object;Ljava/lang/Object;ZZ)Ljava/lang/Object; @ 152 c2
Event: 2.219 Thread 0x0000020332836ec0 DEOPT PACKING pc=0x000002033f70f908 sp=0x000000f859cff210
Event: 2.220 Thread 0x0000020332836ec0 DEOPT UNPACKING pc=0x000002033f1b3aa2 sp=0x000000f859cff170 mode 2
Event: 2.220 Thread 0x0000020332836ec0 Uncommon trap: trap_request=0xffffffde fr.pc=0x000002033f70f908 relative=0x00000000000007e8
Event: 2.220 Thread 0x0000020332836ec0 Uncommon trap: reason=class_check action=maybe_recompile pc=0x000002033f70f908 method=java.util.HashMap.putVal(ILjava/lang/Object;Ljava/lang/Object;ZZ)Ljava/lang/Object; @ 152 c2
Event: 2.220 Thread 0x0000020332836ec0 DEOPT PACKING pc=0x000002033f70f908 sp=0x000000f859cff210
Event: 2.220 Thread 0x0000020332836ec0 DEOPT UNPACKING pc=0x000002033f1b3aa2 sp=0x000000f859cff170 mode 2
Event: 2.234 Thread 0x0000020332836ec0 DEOPT PACKING pc=0x0000020337c65a98 sp=0x000000f859cfcec0
Event: 2.234 Thread 0x0000020332836ec0 DEOPT UNPACKING pc=0x000002033f1b4242 sp=0x000000f859cfc380 mode 0
Event: 2.637 Thread 0x0000020332836ec0 Uncommon trap: trap_request=0xffffff45 fr.pc=0x000002033f731284 relative=0x0000000000000164
Event: 2.637 Thread 0x0000020332836ec0 Uncommon trap: reason=unstable_if action=reinterpret pc=0x000002033f731284 method=jdk.internal.util.ArraysSupport.vectorizedHashCode(Ljava/lang/Object;IIII)I @ 2 c2
Event: 2.637 Thread 0x0000020332836ec0 DEOPT PACKING pc=0x000002033f731284 sp=0x000000f859cfd1e0
Event: 2.637 Thread 0x0000020332836ec0 DEOPT UNPACKING pc=0x000002033f1b3aa2 sp=0x000000f859cfd190 mode 2
Event: 2.662 Thread 0x0000020332836ec0 Uncommon trap: trap_request=0xffffff45 fr.pc=0x000002033f721184 relative=0x00000000000000e4
Event: 2.662 Thread 0x0000020332836ec0 Uncommon trap: reason=unstable_if action=reinterpret pc=0x000002033f721184 method=java.net.URI.match(CJJ)Z @ 45 c2
Event: 2.662 Thread 0x0000020332836ec0 DEOPT PACKING pc=0x000002033f721184 sp=0x000000f859cfd360
Event: 2.662 Thread 0x0000020332836ec0 DEOPT UNPACKING pc=0x000002033f1b3aa2 sp=0x000000f859cfd2c8 mode 2

Classes loaded (20 events):
Event: 2.827 Loading class java/time/zone/ZoneOffsetTransition done
Event: 2.827 Loading class java/util/Collections$SingletonList
Event: 2.829 Loading class java/util/Collections$SingletonList done
Event: 2.830 Loading class sun/security/pkcs/PKCS9Attributes
Event: 2.830 Loading class sun/security/pkcs/PKCS9Attributes done
Event: 2.831 Loading class sun/security/pkcs/PKCS9Attribute
Event: 2.831 Loading class sun/security/pkcs/PKCS9Attribute done
Event: 2.839 Loading class sun/security/pkcs/SigningCertificateInfo
Event: 2.839 Loading class sun/security/pkcs/SigningCertificateInfo done
Event: 2.839 Loading class sun/security/pkcs/SigningCertificateInfo$ESSCertId
Event: 2.840 Loading class sun/security/pkcs/SigningCertificateInfo$ESSCertId done
Event: 2.840 Loading class sun/security/pkcs/SignerInfo$AlgorithmInfo
Event: 2.841 Loading class sun/security/pkcs/SignerInfo$AlgorithmInfo done
Event: 2.841 Loading class java/security/MessageDigest
Event: 2.841 Loading class java/security/MessageDigestSpi
Event: 2.841 Loading class java/security/MessageDigestSpi done
Event: 2.842 Loading class java/security/MessageDigest done
Event: 2.842 Loading class sun/security/provider/SHA2$SHA256
Event: 2.842 Loading class sun/security/provider/SHA2
Event: 2.843 Loading class sun/security/provider/DigestBase

Classes unloaded (0 events):
No events

Classes redefined (0 events):
No events

Internal exceptions (12 events):
Event: 0.838 Thread 0x0000020332836ec0 Exception <a 'java/lang/NoSuchMethodError'{0x00000000d57a8f50}: 'void java.lang.invoke.DirectMethodHandle$Holder.invokeStatic(java.lang.Object, java.lang.Object, java.lang.Object)'> (0x00000000d57a8f50) 
thrown [s\src\hotspot\share\interpreter\linkResolver.cpp, line 773]
Event: 1.049 Thread 0x0000020332836ec0 Exception <a 'java/lang/NoSuchMethodError'{0x00000000d59114e8}: 'java.lang.Object java.lang.invoke.Invokers$Holder.invokeExact_MT(java.lang.Object, java.lang.Object, java.lang.Object, java.lang.Object, java.lang.Object)'> (0x00000000d59114e8) 
thrown [s\src\hotspot\share\interpreter\linkResolver.cpp, line 773]
Event: 1.320 Thread 0x0000020332836ec0 Exception <a 'java/lang/NoSuchMethodError'{0x00000000d59ca1d0}: 'int java.lang.invoke.DirectMethodHandle$Holder.invokeSpecial(java.lang.Object, java.lang.Object, java.lang.Object, int)'> (0x00000000d59ca1d0) 
thrown [s\src\hotspot\share\interpreter\linkResolver.cpp, line 773]
Event: 1.325 Thread 0x0000020332836ec0 Exception <a 'java/lang/NoSuchMethodError'{0x00000000d59dcbb8}: 'java.lang.Object java.lang.invoke.DirectMethodHandle$Holder.invokeStatic(java.lang.Object, java.lang.Object, java.lang.Object, java.lang.Object, int)'> (0x00000000d59dcbb8) 
thrown [s\src\hotspot\share\interpreter\linkResolver.cpp, line 773]
Event: 1.338 Thread 0x0000020332836ec0 Exception <a 'java/lang/NoSuchMethodError'{0x00000000d59e7ff8}: 'void java.lang.invoke.DelegatingMethodHandle$Holder.reinvoke_L(java.lang.Object, java.lang.Object, java.lang.Object, int, java.lang.Object)'> (0x00000000d59e7ff8) 
thrown [s\src\hotspot\share\interpreter\linkResolver.cpp, line 773]
Event: 1.349 Thread 0x0000020332836ec0 Exception <a 'java/lang/NoSuchMethodError'{0x00000000d59f8af0}: 'int java.lang.invoke.DirectMethodHandle$Holder.invokeSpecial(java.lang.Object, java.lang.Object, java.lang.Object)'> (0x00000000d59f8af0) 
thrown [s\src\hotspot\share\interpreter\linkResolver.cpp, line 773]
Event: 1.355 Thread 0x0000020332836ec0 Exception <a 'java/lang/NoSuchMethodError'{0x00000000d5a047b0}: 'java.lang.Object java.lang.invoke.DirectMethodHandle$Holder.invokeStatic(java.lang.Object, java.lang.Object, int)'> (0x00000000d5a047b0) 
thrown [s\src\hotspot\share\interpreter\linkResolver.cpp, line 773]
Event: 1.358 Thread 0x0000020332836ec0 Exception <a 'java/lang/NoSuchMethodError'{0x00000000d5a09100}: 'void java.lang.invoke.DirectMethodHandle$Holder.invokeStatic(java.lang.Object, java.lang.Object, int, java.lang.Object)'> (0x00000000d5a09100) 
thrown [s\src\hotspot\share\interpreter\linkResolver.cpp, line 773]
Event: 1.359 Thread 0x0000020332836ec0 Exception <a 'java/lang/NoSuchMethodError'{0x00000000d5a0cc90}: 'void java.lang.invoke.DirectMethodHandle$Holder.invokeSpecial(java.lang.Object, java.lang.Object, java.lang.Object, int, java.lang.Object)'> (0x00000000d5a0cc90) 
thrown [s\src\hotspot\share\interpreter\linkResolver.cpp, line 773]
Event: 1.359 Thread 0x0000020332836ec0 Exception <a 'java/lang/NoSuchMethodError'{0x00000000d5a10100}: 'void java.lang.invoke.DelegatingMethodHandle$Holder.delegate(java.lang.Object, java.lang.Object, int, java.lang.Object)'> (0x00000000d5a10100) 
thrown [s\src\hotspot\share\interpreter\linkResolver.cpp, line 773]
Event: 1.835 Thread 0x0000020332836ec0 Exception <a 'java/lang/NoSuchMethodError'{0x00000000d5bcedb8}: 'void java.lang.invoke.DelegatingMethodHandle$Holder.reinvoke_L(java.lang.Object, java.lang.Object, java.lang.Object, int)'> (0x00000000d5bcedb8) 
thrown [s\src\hotspot\share\interpreter\linkResolver.cpp, line 773]
Event: 2.574 Thread 0x0000020332836ec0 Exception <a 'java/lang/NoSuchMethodError'{0x00000000d605a8d0}: 'void java.lang.invoke.DirectMethodHandle$Holder.invokeVirtual(java.lang.Object, java.lang.Object)'> (0x00000000d605a8d0) 
thrown [s\src\hotspot\share\interpreter\linkResolver.cpp, line 773]

ZGC Phase Switch (0 events):
No events

VM Operations (6 events):
Event: 0.880 Executing non-safepoint VM operation: HandshakeAllThreads (Deoptimize)
Event: 0.880 Executing non-safepoint VM operation: HandshakeAllThreads (Deoptimize) done
Event: 1.145 Executing non-safepoint VM operation: HandshakeAllThreads (Deoptimize)
Event: 1.146 Executing non-safepoint VM operation: HandshakeAllThreads (Deoptimize) done
Event: 2.146 Executing safepoint VM operation: Cleanup
Event: 2.146 Executing safepoint VM operation: Cleanup done

Memory protections (0 events):
No events

Nmethod flushes (0 events):
No events

Events (12 events):
Event: 0.585 Thread 0x0000020332836ec0 Thread added: 0x0000020332836ec0
Event: 0.693 Thread 0x0000020332836ec0 Thread added: 0x000002034b4083e0
Event: 0.693 Thread 0x0000020332836ec0 Thread added: 0x000002034b40ba40
Event: 0.693 Thread 0x0000020332836ec0 Thread added: 0x000002034b40e6b0
Event: 0.694 Thread 0x0000020332836ec0 Thread added: 0x000002034b40fd00
Event: 0.694 Thread 0x0000020332836ec0 Thread added: 0x000002034b410960
Event: 0.694 Thread 0x0000020332836ec0 Thread added: 0x000002034b413650
Event: 0.694 Thread 0x0000020332836ec0 Thread added: 0x000002034b4188a0
Event: 0.710 Thread 0x0000020332836ec0 Thread added: 0x000002034b490990
Event: 0.977 Thread 0x0000020332836ec0 Thread added: 0x000002038d25d560
Event: 2.164 Thread 0x0000020332836ec0 Thread added: 0x000002038d3b26f0
Event: 2.205 Thread 0x000002034b490990 Thread added: 0x000002038d2667b0


Dynamic libraries:
0x00007ff6a0410000 - 0x00007ff6a041e000 	c:\Users\a\.vscode\extensions\redhat.java-1.53.0-win32-x64\jre\21.0.10-win32-x86_64\bin\java.exe
0x00007ffa8da90000 - 0x00007ffa8dc88000 	C:\Windows\SYSTEM32\ntdll.dll
0x00007ffa8c170000 - 0x00007ffa8c232000 	C:\Windows\System32\KERNEL32.DLL
0x00007ffa8b510000 - 0x00007ffa8b806000 	C:\Windows\System32\KERNELBASE.dll
0x00007ffa8b120000 - 0x00007ffa8b220000 	C:\Windows\System32\ucrtbase.dll
0x00007ffa73dd0000 - 0x00007ffa73de8000 	c:\Users\a\.vscode\extensions\redhat.java-1.53.0-win32-x64\jre\21.0.10-win32-x86_64\bin\jli.dll
0x00007ffa8d180000 - 0x00007ffa8d321000 	C:\Windows\System32\USER32.dll
0x00007ffa8b450000 - 0x00007ffa8b472000 	C:\Windows\System32\win32u.dll
0x00007ffa8c060000 - 0x00007ffa8c08b000 	C:\Windows\System32\GDI32.dll
0x00007ffa8b990000 - 0x00007ffa8baa9000 	C:\Windows\System32\gdi32full.dll
0x00007ffa8b380000 - 0x00007ffa8b41d000 	C:\Windows\System32\msvcp_win.dll
0x00007ffa75a50000 - 0x00007ffa75a6e000 	c:\Users\a\.vscode\extensions\redhat.java-1.53.0-win32-x64\jre\21.0.10-win32-x86_64\bin\VCRUNTIME140.dll
0x00007ffa78760000 - 0x00007ffa789fb000 	C:\Windows\WinSxS\amd64_microsoft.windows.common-controls_6595b64144ccf1df_6.0.19041.6456_none_60b8a6cb71f64256\COMCTL32.dll
0x00007ffa8bf20000 - 0x00007ffa8bfbe000 	C:\Windows\System32\msvcrt.dll
0x00007ffa8d590000 - 0x00007ffa8d5bf000 	C:\Windows\System32\IMM32.DLL
0x00007ffa853b0000 - 0x00007ffa853bc000 	c:\Users\a\.vscode\extensions\redhat.java-1.53.0-win32-x64\jre\21.0.10-win32-x86_64\bin\vcruntime140_1.dll
0x00007ffa5f9c0000 - 0x00007ffa5fa4d000 	c:\Users\a\.vscode\extensions\redhat.java-1.53.0-win32-x64\jre\21.0.10-win32-x86_64\bin\msvcp140.dll
0x00007ffa0a9e0000 - 0x00007ffa0b781000 	c:\Users\a\.vscode\extensions\redhat.java-1.53.0-win32-x64\jre\21.0.10-win32-x86_64\bin\server\jvm.dll
0x00007ffa8d5d0000 - 0x00007ffa8d681000 	C:\Windows\System32\ADVAPI32.dll
0x00007ffa8bfc0000 - 0x00007ffa8c05f000 	C:\Windows\System32\sechost.dll
0x00007ffa8d330000 - 0x00007ffa8d450000 	C:\Windows\System32\RPCRT4.dll
0x00007ffa8b420000 - 0x00007ffa8b447000 	C:\Windows\System32\bcrypt.dll
0x00007ffa8c2d0000 - 0x00007ffa8c33b000 	C:\Windows\System32\WS2_32.dll
0x00007ffa8a670000 - 0x00007ffa8a6bb000 	C:\Windows\SYSTEM32\POWRPROF.dll
0x00007ffa78a00000 - 0x00007ffa78a27000 	C:\Windows\SYSTEM32\WINMM.dll
0x00007ffa83040000 - 0x00007ffa8304a000 	C:\Windows\SYSTEM32\VERSION.dll
0x00007ffa8a4e0000 - 0x00007ffa8a4f2000 	C:\Windows\SYSTEM32\UMPDC.dll
0x00007ffa898f0000 - 0x00007ffa89902000 	C:\Windows\SYSTEM32\kernel.appcore.dll
0x00007ffa84310000 - 0x00007ffa8431a000 	c:\Users\a\.vscode\extensions\redhat.java-1.53.0-win32-x64\jre\21.0.10-win32-x86_64\bin\jimage.dll
0x00007ffa89560000 - 0x00007ffa89761000 	C:\Windows\SYSTEM32\DBGHELP.DLL
0x00007ffa80ff0000 - 0x00007ffa81024000 	C:\Windows\SYSTEM32\dbgcore.DLL
0x00007ffa8b480000 - 0x00007ffa8b502000 	C:\Windows\System32\bcryptPrimitives.dll
0x00007ffa63fd0000 - 0x00007ffa63fdf000 	c:\Users\a\.vscode\extensions\redhat.java-1.53.0-win32-x64\jre\21.0.10-win32-x86_64\bin\instrument.dll
0x00007ffa73db0000 - 0x00007ffa73dd0000 	c:\Users\a\.vscode\extensions\redhat.java-1.53.0-win32-x64\jre\21.0.10-win32-x86_64\bin\java.dll
0x00007ffa8c880000 - 0x00007ffa8cff0000 	C:\Windows\System32\SHELL32.dll
0x00007ffa88cf0000 - 0x00007ffa89495000 	C:\Windows\SYSTEM32\windows.storage.dll
0x00007ffa8d690000 - 0x00007ffa8d9e4000 	C:\Windows\System32\combase.dll
0x00007ffa8aa70000 - 0x00007ffa8aa9b000 	C:\Windows\SYSTEM32\Wldp.dll
0x00007ffa8c6f0000 - 0x00007ffa8c7bd000 	C:\Windows\System32\OLEAUT32.dll
0x00007ffa8c7c0000 - 0x00007ffa8c86d000 	C:\Windows\System32\SHCORE.dll
0x00007ffa8d120000 - 0x00007ffa8d17b000 	C:\Windows\System32\shlwapi.dll
0x00007ffa8b050000 - 0x00007ffa8b074000 	C:\Windows\SYSTEM32\profapi.dll
0x00007ffa51540000 - 0x00007ffa51558000 	c:\Users\a\.vscode\extensions\redhat.java-1.53.0-win32-x64\jre\21.0.10-win32-x86_64\bin\zip.dll
0x00007ffa63820000 - 0x00007ffa63830000 	C:\Users\a\.vscode\extensions\redhat.java-1.53.0-win32-x64\jre\21.0.10-win32-x86_64\bin\net.dll
0x00007ffa884c0000 - 0x00007ffa885ca000 	C:\Windows\SYSTEM32\WINHTTP.dll
0x00007ffa8a850000 - 0x00007ffa8a8ba000 	C:\Windows\system32\mswsock.dll
0x00007ffa51520000 - 0x00007ffa51536000 	C:\Users\a\.vscode\extensions\redhat.java-1.53.0-win32-x64\jre\21.0.10-win32-x86_64\bin\nio.dll
0x00007ffa62500000 - 0x00007ffa62510000 	c:\Users\a\.vscode\extensions\redhat.java-1.53.0-win32-x64\jre\21.0.10-win32-x86_64\bin\verify.dll

JVMTI agents:
c:\Users\a\.vscode\extensions\redhat.java-1.53.0-win32-x64\lombok\lombok-1.18.39-4050.jar path:c:\Users\a\.vscode\extensions\redhat.java-1.53.0-win32-x64\jre\21.0.10-win32-x86_64\bin\instrument.dll, loaded, initialized, instrumentlib options:none

dbghelp: loaded successfully - version: 4.0.5 - missing functions: none
symbol engine: initialized successfully - sym options: 0x614 - pdb path: .;c:\Users\a\.vscode\extensions\redhat.java-1.53.0-win32-x64\jre\21.0.10-win32-x86_64\bin;C:\Windows\SYSTEM32;C:\Windows\WinSxS\amd64_microsoft.windows.common-controls_6595b64144ccf1df_6.0.19041.6456_none_60b8a6cb71f64256;c:\Users\a\.vscode\extensions\redhat.java-1.53.0-win32-x64\jre\21.0.10-win32-x86_64\bin\server

VM Arguments:
jvm_args: --add-modules=ALL-SYSTEM --add-opens=java.base/java.util=ALL-UNNAMED --add-opens=java.base/java.lang=ALL-UNNAMED --add-opens=java.base/sun.nio.fs=ALL-UNNAMED -Declipse.application=org.eclipse.jdt.ls.core.id1 -Dosgi.bundles.defaultStartLevel=4 -Declipse.product=org.eclipse.jdt.ls.core.product -Djava.import.generatesMetadataFilesAtProjectRoot=false -DDetectVMInstallationsJob.disabled=true -Dfile.encoding=utf8 -XX:+UseParallelGC -XX:GCTimeRatio=4 -XX:AdaptiveSizePolicyWeight=90 -Dsun.zip.disableMemoryMapping=true -Xmx2G -Xms100m -Xlog:disable -javaagent:c:\Users\a\.vscode\extensions\redhat.java-1.53.0-win32-x64\lombok\lombok-1.18.39-4050.jar -XX:+HeapDumpOnOutOfMemoryError -XX:HeapDumpPath=c:\Users\a\AppData\Roaming\Code\User\workspaceStorage\f74cf20efcac8666054b1732537943e5\redhat.java -Daether.dependencyCollector.impl=bf 
java_command: c:\Users\a\.vscode\extensions\redhat.java-1.53.0-win32-x64\server\plugins\org.eclipse.equinox.launcher_1.7.100.v20251111-0406.jar -configuration c:\Users\a\AppData\Roaming\Code\User\globalStorage\redhat.java\1.53.0\config_win -data c:\Users\a\AppData\Roaming\Code\User\workspaceStorage\f74cf20efcac8666054b1732537943e5\redhat.java\jdt_ws --pipe=\\.\pipe\lsp-13e0f5cf5a251c3d2ed4977afdc3d5de-sock
java_class_path (initial): c:\Users\a\.vscode\extensions\redhat.java-1.53.0-win32-x64\server\plugins\org.eclipse.equinox.launcher_1.7.100.v20251111-0406.jar
Launcher Type: SUN_STANDARD

[Global flags]
    uintx AdaptiveSizePolicyWeight                 = 90                                        {product} {command line}
     intx CICompilerCount                          = 3                                         {product} {ergonomic}
    uintx GCTimeRatio                              = 4                                         {product} {command line}
     bool HeapDumpOnOutOfMemoryError               = true                                   {manageable} {command line}
    ccstr HeapDumpPath                             = c:\Users\a\AppData\Roaming\Code\User\workspaceStorage\f74cf20efcac8666054b1732537943e5\redhat.java         {manageable} {command line}
   size_t InitialHeapSize                          = 104857600                                 {product} {command line}
   size_t MaxHeapSize                              = 2147483648                                {product} {command line}
   size_t MaxNewSize                               = 715653120                                 {product} {ergonomic}
   size_t MinHeapDeltaBytes                        = 524288                                    {product} {ergonomic}
   size_t MinHeapSize                              = 104857600                                 {product} {command line}
   size_t NewSize                                  = 34603008                                  {product} {ergonomic}
    uintx NonNMethodCodeHeapSize                   = 5832780                                {pd product} {ergonomic}
    uintx NonProfiledCodeHeapSize                  = 122912730                              {pd product} {ergonomic}
   size_t OldSize                                  = 70254592                                  {product} {ergonomic}
    uintx ProfiledCodeHeapSize                     = 122912730                              {pd product} {ergonomic}
    uintx ReservedCodeCacheSize                    = 251658240                              {pd product} {ergonomic}
     bool SegmentedCodeCache                       = true                                      {product} {ergonomic}
   size_t SoftMaxHeapSize                          = 2147483648                             {manageable} {ergonomic}
     bool UseCompressedOops                        = true                           {product lp64_product} {ergonomic}
     bool UseLargePagesIndividualAllocation        = false                                  {pd product} {ergonomic}
     bool UseParallelGC                            = true                                      {product} {command line}

Logging:
Log output configuration:
 #0: stdout all=off uptime,level,tags foldmultilines=false
 #1: stderr all=off uptime,level,tags foldmultilines=false

Release file:
JAVA_VERSION="21.0.10" 
MODULES="java.base java.compiler java.datatransfer java.xml java.prefs java.desktop java.instrument java.logging java.management java.security.sasl java.naming java.rmi java.management.rmi java.net.http java.scripting java.security.jgss java.transaction.xa java.sql java.sql.rowset java.xml.crypto java.se java.smartcardio jdk.accessibility jdk.internal.jvmstat jdk.attach jdk.charsets jdk.internal.opt jdk.zipfs jdk.compiler jdk.crypto.ec jdk.crypto.cryptoki jdk.crypto.mscapi jdk.dynalink jdk.internal.ed jdk.editpad jdk.hotspot.agent jdk.httpserver jdk.internal.le jdk.internal.vm.ci jdk.internal.vm.compiler jdk.internal.vm.compiler.management jdk.jartool jdk.javadoc jdk.jcmd jdk.management jdk.management.agent jdk.jconsole jdk.jdeps jdk.jdwp.agent jdk.jdi jdk.jfr jdk.jshell jdk.jsobject jdk.jstatd jdk.localedata jdk.management.jfr jdk.naming.dns jdk.naming.rmi jdk.net jdk.nio.mapmode jdk.random jdk.sctp jdk.security.auth jdk.security.jgss jdk.unsupported jdk.unsupported.desktop jdk.xml.dom" 

Environment Variables:
JAVA_HOME=C:\Program Files\Java\jdk-17.0.2
PATH=C:\Program Files\Java\jdk-17.0.2\bin;C:\Program Files\Apache\Maven\apache-maven-3.9.12\bin;C:\Windows\System32;C:\Windows;C:\Windows\System32\wbem;C:\Users\a\AppData\Local\nvm;C:\nvm4w\nodejs;C:\Windows\System32\WindowsPowerShell\v1.0;C:\Users\a\AppData\Local\nvm;C:\Program Files\Git\cmd;C:\Program Files\MySQL\MySQL Server 8.0\bin;C:\Program Files\Java\jdk-17.0.2\bin;C:\Program Files\Apache\Maven\apache-maven-3.9.12\bin;C:\Windows\System32;C:\Windows;C:\Windows\System32\wbem;C:\Users\a\AppData\Local\nvm;C:\nvm4w\nodejs;C:\Users\a\AppData\Local\Programs\Microsoft VS Code\bin
USERNAME=a
OS=Windows_NT
PROCESSOR_IDENTIFIER=Intel64 Family 6 Model 78 Stepping 3, GenuineIntel
TMP=C:\Users\a\AppData\Local\Temp
TEMP=C:\Users\a\AppData\Local\Temp




Periodic native trim disabled

---------------  S Y S T E M  ---------------

OS:
 Windows 10 , 64 bit Build 19041 (10.0.19041.5915)
OS uptime: 9 days 23:18 hours
Hyper-V role detected

CPU: total 4 (initial active 4) (2 cores per cpu, 2 threads per core) family 6 model 78 stepping 3 microcode 0xcc, cx8, cmov, fxsr, ht, mmx, 3dnowpref, sse, sse2, sse3, ssse3, sse4.1, sse4.2, popcnt, lzcnt, tsc, tscinvbit, avx, avx2, aes, erms, clmul, bmi1, bmi2, rtm, adx, fma, vzeroupper, clflush, clflushopt, hv, rdtscp, f16c
Processor Information for the first 4 processors :
  Max Mhz: 2496, Current Mhz: 798, Mhz Limit: 798

Memory: 4k page, system-wide physical 7557M (453M free)
TotalPageFile size 21143M (AvailPageFile size 9M)
current process WorkingSet (physical memory assigned to process): 56M, peak: 57M
current process commit charge ("private bytes"): 217M, peak: 218M

vm_info: OpenJDK 64-Bit Server VM (21.0.10+7-LTS) for windows-amd64 JRE (21.0.10+7-LTS), built on 2026-01-20T00:00:00Z by "admin" with MS VC++ 17.12 (VS2022)

END.
